mode: set
github.com/jordigilh/kubernaut-apifrontend/internal/config/config.go:46.30,61.2 1 1
github.com/jordigilh/kubernaut-apifrontend/internal/config/config.go:65.41,67.20 2 1
github.com/jordigilh/kubernaut-apifrontend/internal/config/config.go:67.20,69.3 1 1
github.com/jordigilh/kubernaut-apifrontend/internal/config/config.go:70.2,70.50 1 1
github.com/jordigilh/kubernaut-apifrontend/internal/config/config.go:70.50,72.3 1 1
github.com/jordigilh/kubernaut-apifrontend/internal/config/config.go:73.2,73.17 1 1
github.com/jordigilh/kubernaut-apifrontend/internal/config/config.go:78.35,79.48 1 1
github.com/jordigilh/kubernaut-apifrontend/internal/config/config.go:79.48,81.3 1 1
github.com/jordigilh/kubernaut-apifrontend/internal/config/config.go:82.2,82.29 1 1
github.com/jordigilh/kubernaut-apifrontend/internal/config/config.go:82.29,84.3 1 1
github.com/jordigilh/kubernaut-apifrontend/internal/config/config.go:85.2,85.74 1 1
github.com/jordigilh/kubernaut-apifrontend/internal/config/config.go:85.74,87.3 1 1
github.com/jordigilh/kubernaut-apifrontend/internal/config/config.go:88.2,88.33 1 1
github.com/jordigilh/kubernaut-apifrontend/internal/config/config.go:88.33,90.3 1 1
github.com/jordigilh/kubernaut-apifrontend/internal/config/config.go:91.2,91.82 1 1
github.com/jordigilh/kubernaut-apifrontend/internal/config/config.go:91.82,93.3 1 0
github.com/jordigilh/kubernaut-apifrontend/internal/config/config.go:94.2,94.29 1 1
github.com/jordigilh/kubernaut-apifrontend/internal/config/config.go:94.29,96.3 1 1
github.com/jordigilh/kubernaut-apifrontend/internal/config/config.go:97.2,97.74 1 1
github.com/jordigilh/kubernaut-apifrontend/internal/config/config.go:97.74,99.3 1 1
github.com/jordigilh/kubernaut-apifrontend/internal/config/config.go:100.2,100.12 1 1
github.com/jordigilh/kubernaut-apifrontend/internal/config/config.go:105.36,106.27 1 1
github.com/jordigilh/kubernaut-apifrontend/internal/config/config.go:106.27,108.3 1 1
github.com/jordigilh/kubernaut-apifrontend/internal/config/config.go:111.43,113.16 2 1
github.com/jordigilh/kubernaut-apifrontend/internal/config/config.go:113.16,115.3 1 1
github.com/jordigilh/kubernaut-apifrontend/internal/config/config.go:116.2,116.20 1 1
github.com/jordigilh/kubernaut-apifrontend/internal/config/config.go:116.20,118.3 1 1
github.com/jordigilh/kubernaut-apifrontend/internal/config/config.go:119.2,119.12 1 1
