mode: atomic
github.com/jordigilh/kubernaut-apifrontend/internal/session/service.go:58.127,66.2 1 24
github.com/jordigilh/kubernaut-apifrontend/internal/session/service.go:71.124,73.22 2 23
github.com/jordigilh/kubernaut-apifrontend/internal/session/service.go:73.22,74.51 1 23
github.com/jordigilh/kubernaut-apifrontend/internal/session/service.go:74.51,76.11 2 23
github.com/jordigilh/kubernaut-apifrontend/internal/session/service.go:76.11,78.5 1 0
github.com/jordigilh/kubernaut-apifrontend/internal/session/service.go:82.2,83.19 2 23
github.com/jordigilh/kubernaut-apifrontend/internal/session/service.go:83.19,85.3 1 6
github.com/jordigilh/kubernaut-apifrontend/internal/session/service.go:87.2,103.16 3 23
github.com/jordigilh/kubernaut-apifrontend/internal/session/service.go:103.16,113.3 4 23
github.com/jordigilh/kubernaut-apifrontend/internal/session/service.go:115.2,115.50 1 23
github.com/jordigilh/kubernaut-apifrontend/internal/session/service.go:115.50,117.3 1 1
github.com/jordigilh/kubernaut-apifrontend/internal/session/service.go:120.2,120.59 1 22
github.com/jordigilh/kubernaut-apifrontend/internal/session/service.go:120.59,124.3 2 0
github.com/jordigilh/kubernaut-apifrontend/internal/session/service.go:126.2,127.16 2 22
github.com/jordigilh/kubernaut-apifrontend/internal/session/service.go:127.16,131.3 2 0
github.com/jordigilh/kubernaut-apifrontend/internal/session/service.go:133.2,137.18 4 22
github.com/jordigilh/kubernaut-apifrontend/internal/session/service.go:141.115,143.2 1 10
github.com/jordigilh/kubernaut-apifrontend/internal/session/service.go:146.118,148.2 1 3
github.com/jordigilh/kubernaut-apifrontend/internal/session/service.go:153.94,158.13 4 3
github.com/jordigilh/kubernaut-apifrontend/internal/session/service.go:158.13,160.3 1 2
github.com/jordigilh/kubernaut-apifrontend/internal/session/service.go:163.2,175.36 6 3
github.com/jordigilh/kubernaut-apifrontend/internal/session/service.go:181.118,184.65 2 12
github.com/jordigilh/kubernaut-apifrontend/internal/session/service.go:184.65,186.3 1 0
github.com/jordigilh/kubernaut-apifrontend/internal/session/service.go:189.2,193.8 4 12
github.com/jordigilh/kubernaut-apifrontend/internal/session/service.go:193.8,195.110 2 12
github.com/jordigilh/kubernaut-apifrontend/internal/session/service.go:195.110,197.4 1 12
github.com/jordigilh/kubernaut-apifrontend/internal/session/service.go:200.2,200.12 1 12
github.com/jordigilh/kubernaut-apifrontend/internal/session/service.go:205.115,210.9 4 0
github.com/jordigilh/kubernaut-apifrontend/internal/session/service.go:210.9,212.3 1 0
github.com/jordigilh/kubernaut-apifrontend/internal/session/service.go:214.2,215.109 2 0
github.com/jordigilh/kubernaut-apifrontend/internal/session/service.go:215.109,217.3 1 0
github.com/jordigilh/kubernaut-apifrontend/internal/session/service.go:218.2,218.30 1 0
github.com/jordigilh/kubernaut-apifrontend/internal/session/service.go:225.42,226.17 1 46
github.com/jordigilh/kubernaut-apifrontend/internal/session/service.go:226.17,228.3 1 0
github.com/jordigilh/kubernaut-apifrontend/internal/session/service.go:229.2,229.10 1 46
github.com/jordigilh/kubernaut-apifrontend/internal/session/trimming.go:23.58,24.42 1 12
github.com/jordigilh/kubernaut-apifrontend/internal/session/trimming.go:24.42,26.3 1 0
github.com/jordigilh/kubernaut-apifrontend/internal/session/trimming.go:27.2,27.43 1 12
github.com/jordigilh/kubernaut-apifrontend/internal/session/trimming.go:27.43,28.50 1 12
github.com/jordigilh/kubernaut-apifrontend/internal/session/trimming.go:28.50,29.12 1 11
github.com/jordigilh/kubernaut-apifrontend/internal/session/trimming.go:31.3,32.25 2 1
github.com/jordigilh/kubernaut-apifrontend/internal/session/trimming.go:32.25,33.12 1 0
github.com/jordigilh/kubernaut-apifrontend/internal/session/trimming.go:36.3,37.51 2 1
github.com/jordigilh/kubernaut-apifrontend/internal/session/trimming.go:37.51,38.12 1 0
github.com/jordigilh/kubernaut-apifrontend/internal/session/trimming.go:41.3,42.39 2 1
github.com/jordigilh/kubernaut-apifrontend/internal/session/trimming.go:42.39,44.4 1 1
github.com/jordigilh/kubernaut-apifrontend/internal/session/trimming.go:46.3,50.4 1 1
