mode: atomic
github.com/jordigilh/kubernaut/pkg/aianalysis/audit/audit.go:50.75,55.2 1 15
github.com/jordigilh/kubernaut/pkg/aianalysis/audit/audit.go:61.102,72.45 2 7
github.com/jordigilh/kubernaut/pkg/aianalysis/audit/audit.go:72.45,75.3 2 7
github.com/jordigilh/kubernaut/pkg/aianalysis/audit/audit.go:76.2,76.47 1 7
github.com/jordigilh/kubernaut/pkg/aianalysis/audit/audit.go:76.47,78.3 1 0
github.com/jordigilh/kubernaut/pkg/aianalysis/audit/audit.go:79.2,79.34 1 7
github.com/jordigilh/kubernaut/pkg/aianalysis/audit/audit.go:79.34,81.3 1 1
github.com/jordigilh/kubernaut/pkg/aianalysis/audit/audit.go:82.2,82.37 1 7
github.com/jordigilh/kubernaut/pkg/aianalysis/audit/audit.go:82.37,84.3 1 1
github.com/jordigilh/kubernaut/pkg/aianalysis/audit/audit.go:87.2,88.39 2 7
github.com/jordigilh/kubernaut/pkg/aianalysis/audit/audit.go:88.39,90.3 1 1
github.com/jordigilh/kubernaut/pkg/aianalysis/audit/audit.go:90.8,92.3 1 6
github.com/jordigilh/kubernaut/pkg/aianalysis/audit/audit.go:95.2,108.55 12 7
github.com/jordigilh/kubernaut/pkg/aianalysis/audit/audit.go:108.55,114.3 1 2
github.com/jordigilh/kubernaut/pkg/aianalysis/audit/audit.go:120.118,140.55 13 1
github.com/jordigilh/kubernaut/pkg/aianalysis/audit/audit.go:140.55,142.3 1 0
github.com/jordigilh/kubernaut/pkg/aianalysis/audit/audit.go:148.116,171.65 13 1
github.com/jordigilh/kubernaut/pkg/aianalysis/audit/audit.go:171.65,173.3 1 0
github.com/jordigilh/kubernaut/pkg/aianalysis/audit/audit.go:179.148,189.23 3 2
github.com/jordigilh/kubernaut/pkg/aianalysis/audit/audit.go:189.23,191.3 1 1
github.com/jordigilh/kubernaut/pkg/aianalysis/audit/audit.go:191.8,193.3 1 1
github.com/jordigilh/kubernaut/pkg/aianalysis/audit/audit.go:196.2,209.55 13 2
github.com/jordigilh/kubernaut/pkg/aianalysis/audit/audit.go:209.55,211.3 1 0
github.com/jordigilh/kubernaut/pkg/aianalysis/audit/audit.go:217.134,233.45 4 2
github.com/jordigilh/kubernaut/pkg/aianalysis/audit/audit.go:233.45,236.3 2 2
github.com/jordigilh/kubernaut/pkg/aianalysis/audit/audit.go:239.2,251.55 12 2
github.com/jordigilh/kubernaut/pkg/aianalysis/audit/audit.go:251.55,253.3 1 0
github.com/jordigilh/kubernaut/pkg/aianalysis/audit/audit.go:259.162,270.17 3 2
github.com/jordigilh/kubernaut/pkg/aianalysis/audit/audit.go:271.26,272.36 1 0
github.com/jordigilh/kubernaut/pkg/aianalysis/audit/audit.go:273.25,274.36 1 0
github.com/jordigilh/kubernaut/pkg/aianalysis/audit/audit.go:275.10,276.36 1 2
github.com/jordigilh/kubernaut/pkg/aianalysis/audit/audit.go:280.2,293.55 13 2
github.com/jordigilh/kubernaut/pkg/aianalysis/audit/audit.go:293.55,295.3 1 0
github.com/jordigilh/kubernaut/pkg/aianalysis/client/generated/oas_cfg_gen.go:38.35,39.31 1 0
github.com/jordigilh/kubernaut/pkg/aianalysis/client/generated/oas_cfg_gen.go:39.31,41.3 1 0
github.com/jordigilh/kubernaut/pkg/aianalysis/client/generated/oas_cfg_gen.go:42.2,42.30 1 0
github.com/jordigilh/kubernaut/pkg/aianalysis/client/generated/oas_cfg_gen.go:42.30,44.3 1 0
github.com/jordigilh/kubernaut/pkg/aianalysis/client/generated/oas_cfg_gen.go:45.2,50.3 2 0
github.com/jordigilh/kubernaut/pkg/aianalysis/client/generated/oas_cfg_gen.go:73.42,75.2 1 0
github.com/jordigilh/kubernaut/pkg/aianalysis/client/generated/oas_cfg_gen.go:79.54,81.2 1 0
github.com/jordigilh/kubernaut/pkg/aianalysis/client/generated/oas_cfg_gen.go:83.57,86.82 1 0
github.com/jordigilh/kubernaut/pkg/aianalysis/client/generated/oas_cfg_gen.go:86.82,88.29 2 0
github.com/jordigilh/kubernaut/pkg/aianalysis/client/generated/oas_cfg_gen.go:88.29,92.5 3 0
github.com/jordigilh/kubernaut/pkg/aianalysis/client/generated/oas_cfg_gen.go:92.10,94.5 1 0
github.com/jordigilh/kubernaut/pkg/aianalysis/client/generated/oas_cfg_gen.go:95.4,95.25 1 0
github.com/jordigilh/kubernaut/pkg/aianalysis/client/generated/oas_cfg_gen.go:101.2,101.27 1 0
github.com/jordigilh/kubernaut/pkg/aianalysis/client/generated/oas_cfg_gen.go:101.27,103.3 1 0
github.com/jordigilh/kubernaut/pkg/aianalysis/client/generated/oas_cfg_gen.go:104.2,105.12 2 0
github.com/jordigilh/kubernaut/pkg/aianalysis/client/generated/oas_cfg_gen.go:115.70,117.2 1 0
github.com/jordigilh/kubernaut/pkg/aianalysis/client/generated/oas_cfg_gen.go:119.88,121.2 1 0
github.com/jordigilh/kubernaut/pkg/aianalysis/client/generated/oas_cfg_gen.go:123.64,125.83 2 0
github.com/jordigilh/kubernaut/pkg/aianalysis/client/generated/oas_cfg_gen.go:125.83,127.3 1 0
github.com/jordigilh/kubernaut/pkg/aianalysis/client/generated/oas_cfg_gen.go:128.2,128.80 1 0
github.com/jordigilh/kubernaut/pkg/aianalysis/client/generated/oas_cfg_gen.go:128.80,130.3 1 0
github.com/jordigilh/kubernaut/pkg/aianalysis/client/generated/oas_cfg_gen.go:131.2,131.81 1 0
github.com/jordigilh/kubernaut/pkg/aianalysis/client/generated/oas_cfg_gen.go:131.81,133.3 1 0
github.com/jordigilh/kubernaut/pkg/aianalysis/client/generated/oas_cfg_gen.go:134.2,134.15 1 0
github.com/jordigilh/kubernaut/pkg/aianalysis/client/generated/oas_cfg_gen.go:149.42,151.2 1 0
github.com/jordigilh/kubernaut/pkg/aianalysis/client/generated/oas_cfg_gen.go:155.54,157.2 1 0
github.com/jordigilh/kubernaut/pkg/aianalysis/client/generated/oas_cfg_gen.go:159.57,163.27 2 0
github.com/jordigilh/kubernaut/pkg/aianalysis/client/generated/oas_cfg_gen.go:163.27,165.3 1 0
github.com/jordigilh/kubernaut/pkg/aianalysis/client/generated/oas_cfg_gen.go:166.2,167.12 2 0
github.com/jordigilh/kubernaut/pkg/aianalysis/client/generated/oas_cfg_gen.go:177.64,179.83 2 0
github.com/jordigilh/kubernaut/pkg/aianalysis/client/generated/oas_cfg_gen.go:179.83,181.3 1 0
github.com/jordigilh/kubernaut/pkg/aianalysis/client/generated/oas_cfg_gen.go:182.2,182.80 1 0
github.com/jordigilh/kubernaut/pkg/aianalysis/client/generated/oas_cfg_gen.go:182.80,184.3 1 0
github.com/jordigilh/kubernaut/pkg/aianalysis/client/generated/oas_cfg_gen.go:185.2,185.81 1 0
github.com/jordigilh/kubernaut/pkg/aianalysis/client/generated/oas_cfg_gen.go:185.81,187.3 1 0
github.com/jordigilh/kubernaut/pkg/aianalysis/client/generated/oas_cfg_gen.go:188.2,188.15 1 0
github.com/jordigilh/kubernaut/pkg/aianalysis/client/generated/oas_cfg_gen.go:200.63,201.46 1 0
github.com/jordigilh/kubernaut/pkg/aianalysis/client/generated/oas_cfg_gen.go:201.46,202.22 1 0
github.com/jordigilh/kubernaut/pkg/aianalysis/client/generated/oas_cfg_gen.go:202.22,204.4 1 0
github.com/jordigilh/kubernaut/pkg/aianalysis/client/generated/oas_cfg_gen.go:211.62,212.46 1 0
github.com/jordigilh/kubernaut/pkg/aianalysis/client/generated/oas_cfg_gen.go:212.46,213.22 1 0
github.com/jordigilh/kubernaut/pkg/aianalysis/client/generated/oas_cfg_gen.go:213.22,215.4 1 0
github.com/jordigilh/kubernaut/pkg/aianalysis/client/generated/oas_cfg_gen.go:220.62,221.46 1 0
github.com/jordigilh/kubernaut/pkg/aianalysis/client/generated/oas_cfg_gen.go:221.46,223.3 1 0
github.com/jordigilh/kubernaut/pkg/aianalysis/client/generated/oas_cfg_gen.go:227.48,228.58 1 0
github.com/jordigilh/kubernaut/pkg/aianalysis/client/generated/oas_cfg_gen.go:228.58,229.20 1 0
github.com/jordigilh/kubernaut/pkg/aianalysis/client/generated/oas_cfg_gen.go:229.20,231.4 1 0
github.com/jordigilh/kubernaut/pkg/aianalysis/client/generated/oas_cfg_gen.go:236.59,237.58 1 0
github.com/jordigilh/kubernaut/pkg/aianalysis/client/generated/oas_cfg_gen.go:237.58,238.22 1 0
github.com/jordigilh/kubernaut/pkg/aianalysis/client/generated/oas_cfg_gen.go:238.22,240.4 1 0
github.com/jordigilh/kubernaut/pkg/aianalysis/client/generated/oas_cfg_gen.go:245.119,246.58 1 0
github.com/jordigilh/kubernaut/pkg/aianalysis/client/generated/oas_cfg_gen.go:246.58,247.30 1 0
github.com/jordigilh/kubernaut/pkg/aianalysis/client/generated/oas_cfg_gen.go:247.30,249.4 1 0
github.com/jordigilh/kubernaut/pkg/aianalysis/client/generated/oas_cfg_gen.go:254.52,255.58 1 0
github.com/jordigilh/kubernaut/pkg/aianalysis/client/generated/oas_cfg_gen.go:255.58,256.15 1 0
github.com/jordigilh/kubernaut/pkg/aianalysis/client/generated/oas_cfg_gen.go:256.15,258.4 1 0
github.com/jordigilh/kubernaut/pkg/aianalysis/client/generated/oas_cfg_gen.go:263.49,264.58 1 0
github.com/jordigilh/kubernaut/pkg/aianalysis/client/generated/oas_cfg_gen.go:264.58,266.3 1 0
github.com/jordigilh/kubernaut/pkg/aianalysis/client/generated/oas_cfg_gen.go:270.51,271.58 1 0
github.com/jordigilh/kubernaut/pkg/aianalysis/client/generated/oas_cfg_gen.go:271.58,272.17 1 0
github.com/jordigilh/kubernaut/pkg/aianalysis/client/generated/oas_cfg_gen.go:273.10,274.24 1 0
github.com/jordigilh/kubernaut/pkg/aianalysis/client/generated/oas_cfg_gen.go:275.10,276.25 1 0
github.com/jordigilh/kubernaut/pkg/aianalysis/client/generated/oas_cfg_gen.go:277.11,278.54 1 0
github.com/jordigilh/kubernaut/pkg/aianalysis/client/generated/oas_cfg_gen.go:285.53,286.58 1 0
github.com/jordigilh/kubernaut/pkg/aianalysis/client/generated/oas_cfg_gen.go:286.58,287.14 1 0
github.com/jordigilh/kubernaut/pkg/aianalysis/client/generated/oas_cfg_gen.go:287.14,289.4 1 0
github.com/jordigilh/kubernaut/pkg/aianalysis/client/generated/oas_client_gen.go:23.38,26.2 2 0
github.com/jordigilh/kubernaut/pkg/aianalysis/client/generated/oas_client_gen.go:86.73,88.16 2 0
github.com/jordigilh/kubernaut/pkg/aianalysis/client/generated/oas_client_gen.go:88.16,90.3 1 0
github.com/jordigilh/kubernaut/pkg/aianalysis/client/generated/oas_client_gen.go:91.2,94.16 3 0
github.com/jordigilh/kubernaut/pkg/aianalysis/client/generated/oas_client_gen.go:94.16,96.3 1 0
github.com/jordigilh/kubernaut/pkg/aianalysis/client/generated/oas_client_gen.go:97.2,100.8 1 0
github.com/jordigilh/kubernaut/pkg/aianalysis/client/generated/oas_client_gen.go:106.69,108.2 1 0
github.com/jordigilh/kubernaut/pkg/aianalysis/client/generated/oas_client_gen.go:110.59,112.9 2 0
github.com/jordigilh/kubernaut/pkg/aianalysis/client/generated/oas_client_gen.go:112.9,114.3 1 0
github.com/jordigilh/kubernaut/pkg/aianalysis/client/generated/oas_client_gen.go:115.2,115.10 1 0
github.com/jordigilh/kubernaut/pkg/aianalysis/client/generated/oas_client_gen.go:124.74,127.2 2 0
github.com/jordigilh/kubernaut/pkg/aianalysis/client/generated/oas_client_gen.go:129.86,139.15 4 0
github.com/jordigilh/kubernaut/pkg/aianalysis/client/generated/oas_client_gen.go:139.15,143.3 2 0
github.com/jordigilh/kubernaut/pkg/aianalysis/client/generated/oas_client_gen.go:146.2,155.15 4 0
github.com/jordigilh/kubernaut/pkg/aianalysis/client/generated/oas_client_gen.go:155.15,156.17 1 0
github.com/jordigilh/kubernaut/pkg/aianalysis/client/generated/oas_client_gen.go:156.17,160.4 3 0
github.com/jordigilh/kubernaut/pkg/aianalysis/client/generated/oas_client_gen.go:161.3,161.13 1 0
github.com/jordigilh/kubernaut/pkg/aianalysis/client/generated/oas_client_gen.go:164.2,172.16 8 0
github.com/jordigilh/kubernaut/pkg/aianalysis/client/generated/oas_client_gen.go:172.16,174.3 1 0
github.com/jordigilh/kubernaut/pkg/aianalysis/client/generated/oas_client_gen.go:176.2,178.16 3 0
github.com/jordigilh/kubernaut/pkg/aianalysis/client/generated/oas_client_gen.go:178.16,180.3 1 0
github.com/jordigilh/kubernaut/pkg/aianalysis/client/generated/oas_client_gen.go:181.2,185.16 4 0
github.com/jordigilh/kubernaut/pkg/aianalysis/client/generated/oas_client_gen.go:185.16,187.3 1 0
github.com/jordigilh/kubernaut/pkg/aianalysis/client/generated/oas_client_gen.go:189.2,189.20 1 0
github.com/jordigilh/kubernaut/pkg/aianalysis/client/generated/oas_client_gen.go:198.76,201.2 2 0
github.com/jordigilh/kubernaut/pkg/aianalysis/client/generated/oas_client_gen.go:203.88,213.15 4 0
github.com/jordigilh/kubernaut/pkg/aianalysis/client/generated/oas_client_gen.go:213.15,217.3 2 0
github.com/jordigilh/kubernaut/pkg/aianalysis/client/generated/oas_client_gen.go:220.2,229.15 4 0
github.com/jordigilh/kubernaut/pkg/aianalysis/client/generated/oas_client_gen.go:229.15,230.17 1 0
github.com/jordigilh/kubernaut/pkg/aianalysis/client/generated/oas_client_gen.go:230.17,234.4 3 0
github.com/jordigilh/kubernaut/pkg/aianalysis/client/generated/oas_client_gen.go:235.3,235.13 1 0
github.com/jordigilh/kubernaut/pkg/aianalysis/client/generated/oas_client_gen.go:238.2,246.16 8 0
github.com/jordigilh/kubernaut/pkg/aianalysis/client/generated/oas_client_gen.go:246.16,248.3 1 0
github.com/jordigilh/kubernaut/pkg/aianalysis/client/generated/oas_client_gen.go:250.2,252.16 3 0
github.com/jordigilh/kubernaut/pkg/aianalysis/client/generated/oas_client_gen.go:252.16,254.3 1 0
github.com/jordigilh/kubernaut/pkg/aianalysis/client/generated/oas_client_gen.go:255.2,259.16 4 0
github.com/jordigilh/kubernaut/pkg/aianalysis/client/generated/oas_client_gen.go:259.16,261.3 1 0
github.com/jordigilh/kubernaut/pkg/aianalysis/client/generated/oas_client_gen.go:263.2,263.20 1 0
github.com/jordigilh/kubernaut/pkg/aianalysis/client/generated/oas_client_gen.go:274.173,277.2 2 0
github.com/jordigilh/kubernaut/pkg/aianalysis/client/generated/oas_client_gen.go:279.185,289.15 4 0
github.com/jordigilh/kubernaut/pkg/aianalysis/client/generated/oas_client_gen.go:289.15,293.3 2 0
github.com/jordigilh/kubernaut/pkg/aianalysis/client/generated/oas_client_gen.go:296.2,305.15 4 0
github.com/jordigilh/kubernaut/pkg/aianalysis/client/generated/oas_client_gen.go:305.15,306.17 1 0
github.com/jordigilh/kubernaut/pkg/aianalysis/client/generated/oas_client_gen.go:306.17,310.4 3 0
github.com/jordigilh/kubernaut/pkg/aianalysis/client/generated/oas_client_gen.go:311.3,311.13 1 0
github.com/jordigilh/kubernaut/pkg/aianalysis/client/generated/oas_client_gen.go:314.2,322.16 8 0
github.com/jordigilh/kubernaut/pkg/aianalysis/client/generated/oas_client_gen.go:322.16,324.3 1 0
github.com/jordigilh/kubernaut/pkg/aianalysis/client/generated/oas_client_gen.go:325.2,325.97 1 0
github.com/jordigilh/kubernaut/pkg/aianalysis/client/generated/oas_client_gen.go:325.97,327.3 1 0
github.com/jordigilh/kubernaut/pkg/aianalysis/client/generated/oas_client_gen.go:329.2,331.16 3 0
github.com/jordigilh/kubernaut/pkg/aianalysis/client/generated/oas_client_gen.go:331.16,333.3 1 0
github.com/jordigilh/kubernaut/pkg/aianalysis/client/generated/oas_client_gen.go:334.2,338.16 4 0
github.com/jordigilh/kubernaut/pkg/aianalysis/client/generated/oas_client_gen.go:338.16,340.3 1 0
github.com/jordigilh/kubernaut/pkg/aianalysis/client/generated/oas_client_gen.go:342.2,342.20 1 0
github.com/jordigilh/kubernaut/pkg/aianalysis/client/generated/oas_client_gen.go:355.78,358.2 2 0
github.com/jordigilh/kubernaut/pkg/aianalysis/client/generated/oas_client_gen.go:360.90,370.15 4 0
github.com/jordigilh/kubernaut/pkg/aianalysis/client/generated/oas_client_gen.go:370.15,374.3 2 0
github.com/jordigilh/kubernaut/pkg/aianalysis/client/generated/oas_client_gen.go:377.2,386.15 4 0
github.com/jordigilh/kubernaut/pkg/aianalysis/client/generated/oas_client_gen.go:386.15,387.17 1 0
github.com/jordigilh/kubernaut/pkg/aianalysis/client/generated/oas_client_gen.go:387.17,391.4 3 0
github.com/jordigilh/kubernaut/pkg/aianalysis/client/generated/oas_client_gen.go:392.3,392.13 1 0
github.com/jordigilh/kubernaut/pkg/aianalysis/client/generated/oas_client_gen.go:395.2,403.16 8 0
github.com/jordigilh/kubernaut/pkg/aianalysis/client/generated/oas_client_gen.go:403.16,405.3 1 0
github.com/jordigilh/kubernaut/pkg/aianalysis/client/generated/oas_client_gen.go:407.2,409.16 3 0
github.com/jordigilh/kubernaut/pkg/aianalysis/client/generated/oas_client_gen.go:409.16,411.3 1 0
github.com/jordigilh/kubernaut/pkg/aianalysis/client/generated/oas_client_gen.go:412.2,416.16 4 0
github.com/jordigilh/kubernaut/pkg/aianalysis/client/generated/oas_client_gen.go:416.16,418.3 1 0
github.com/jordigilh/kubernaut/pkg/aianalysis/client/generated/oas_client_gen.go:420.2,420.20 1 0
github.com/jordigilh/kubernaut/pkg/aianalysis/client/generated/oas_client_gen.go:431.173,434.2 2 0
github.com/jordigilh/kubernaut/pkg/aianalysis/client/generated/oas_client_gen.go:436.185,446.15 4 0
github.com/jordigilh/kubernaut/pkg/aianalysis/client/generated/oas_client_gen.go:446.15,450.3 2 0
github.com/jordigilh/kubernaut/pkg/aianalysis/client/generated/oas_client_gen.go:453.2,462.15 4 0
github.com/jordigilh/kubernaut/pkg/aianalysis/client/generated/oas_client_gen.go:462.15,463.17 1 0
github.com/jordigilh/kubernaut/pkg/aianalysis/client/generated/oas_client_gen.go:463.17,467.4 3 0
github.com/jordigilh/kubernaut/pkg/aianalysis/client/generated/oas_client_gen.go:468.3,468.13 1 0
github.com/jordigilh/kubernaut/pkg/aianalysis/client/generated/oas_client_gen.go:471.2,479.16 8 0
github.com/jordigilh/kubernaut/pkg/aianalysis/client/generated/oas_client_gen.go:479.16,481.3 1 0
github.com/jordigilh/kubernaut/pkg/aianalysis/client/generated/oas_client_gen.go:482.2,482.97 1 0
github.com/jordigilh/kubernaut/pkg/aianalysis/client/generated/oas_client_gen.go:482.97,484.3 1 0
github.com/jordigilh/kubernaut/pkg/aianalysis/client/generated/oas_client_gen.go:486.2,488.16 3 0
github.com/jordigilh/kubernaut/pkg/aianalysis/client/generated/oas_client_gen.go:488.16,490.3 1 0
github.com/jordigilh/kubernaut/pkg/aianalysis/client/generated/oas_client_gen.go:491.2,495.16 4 0
github.com/jordigilh/kubernaut/pkg/aianalysis/client/generated/oas_client_gen.go:495.16,497.3 1 0
github.com/jordigilh/kubernaut/pkg/aianalysis/client/generated/oas_client_gen.go:499.2,499.20 1 0
github.com/jordigilh/kubernaut/pkg/aianalysis/client/generated/oas_defaults_gen.go:6.40,7.2 1 0
github.com/jordigilh/kubernaut/pkg/aianalysis/client/generated/oas_defaults_gen.go:7.2,10.3 2 0
github.com/jordigilh/kubernaut/pkg/aianalysis/client/generated/oas_defaults_gen.go:11.2,14.3 2 0
github.com/jordigilh/kubernaut/pkg/aianalysis/client/generated/oas_defaults_gen.go:15.2,18.3 2 0
github.com/jordigilh/kubernaut/pkg/aianalysis/client/generated/oas_defaults_gen.go:19.2,22.3 2 0
github.com/jordigilh/kubernaut/pkg/aianalysis/client/generated/oas_defaults_gen.go:23.2,26.3 2 0
github.com/jordigilh/kubernaut/pkg/aianalysis/client/generated/oas_defaults_gen.go:27.2,30.3 2 0
github.com/jordigilh/kubernaut/pkg/aianalysis/client/generated/oas_defaults_gen.go:31.2,34.3 2 0
github.com/jordigilh/kubernaut/pkg/aianalysis/client/generated/oas_defaults_gen.go:35.2,38.3 2 0
github.com/jordigilh/kubernaut/pkg/aianalysis/client/generated/oas_defaults_gen.go:42.43,43.2 1 0
github.com/jordigilh/kubernaut/pkg/aianalysis/client/generated/oas_defaults_gen.go:43.2,46.3 2 0
github.com/jordigilh/kubernaut/pkg/aianalysis/client/generated/oas_defaults_gen.go:50.41,51.2 1 0
github.com/jordigilh/kubernaut/pkg/aianalysis/client/generated/oas_defaults_gen.go:51.2,54.3 2 0
github.com/jordigilh/kubernaut/pkg/aianalysis/client/generated/oas_defaults_gen.go:55.2,58.3 2 0
github.com/jordigilh/kubernaut/pkg/aianalysis/client/generated/oas_defaults_gen.go:59.2,62.3 2 0
github.com/jordigilh/kubernaut/pkg/aianalysis/client/generated/oas_defaults_gen.go:63.2,66.3 2 0
github.com/jordigilh/kubernaut/pkg/aianalysis/client/generated/oas_defaults_gen.go:70.42,71.2 1 0
github.com/jordigilh/kubernaut/pkg/aianalysis/client/generated/oas_defaults_gen.go:71.2,74.3 2 0
github.com/jordigilh/kubernaut/pkg/aianalysis/client/generated/oas_defaults_gen.go:75.2,78.3 2 0
github.com/jordigilh/kubernaut/pkg/aianalysis/client/generated/oas_defaults_gen.go:82.41,83.2 1 0
github.com/jordigilh/kubernaut/pkg/aianalysis/client/generated/oas_defaults_gen.go:83.2,86.3 2 0
github.com/jordigilh/kubernaut/pkg/aianalysis/client/generated/oas_defaults_gen.go:87.2,90.3 2 0
github.com/jordigilh/kubernaut/pkg/aianalysis/client/generated/oas_defaults_gen.go:91.2,94.3 2 0
github.com/jordigilh/kubernaut/pkg/aianalysis/client/generated/oas_defaults_gen.go:95.2,98.3 2 0
github.com/jordigilh/kubernaut/pkg/aianalysis/client/generated/oas_defaults_gen.go:99.2,102.3 2 0
github.com/jordigilh/kubernaut/pkg/aianalysis/client/generated/oas_handlers_gen.go:28.48,31.2 2 0
github.com/jordigilh/kubernaut/pkg/aianalysis/client/generated/oas_handlers_gen.go:33.53,35.2 1 0
github.com/jordigilh/kubernaut/pkg/aianalysis/client/generated/oas_handlers_gen.go:43.124,65.15 9 0
github.com/jordigilh/kubernaut/pkg/aianalysis/client/generated/oas_handlers_gen.go:65.15,71.16 5 0
github.com/jordigilh/kubernaut/pkg/aianalysis/client/generated/oas_handlers_gen.go:71.16,75.4 3 0
github.com/jordigilh/kubernaut/pkg/aianalysis/client/generated/oas_handlers_gen.go:76.3,82.86 3 0
github.com/jordigilh/kubernaut/pkg/aianalysis/client/generated/oas_handlers_gen.go:85.2,86.47 1 0
github.com/jordigilh/kubernaut/pkg/aianalysis/client/generated/oas_handlers_gen.go:86.47,94.33 3 0
github.com/jordigilh/kubernaut/pkg/aianalysis/client/generated/oas_handlers_gen.go:94.33,96.5 1 0
github.com/jordigilh/kubernaut/pkg/aianalysis/client/generated/oas_handlers_gen.go:98.4,100.17 3 0
github.com/jordigilh/kubernaut/pkg/aianalysis/client/generated/oas_handlers_gen.go:100.17,102.5 1 0
github.com/jordigilh/kubernaut/pkg/aianalysis/client/generated/oas_handlers_gen.go:104.4,104.57 1 0
github.com/jordigilh/kubernaut/pkg/aianalysis/client/generated/oas_handlers_gen.go:109.2,112.37 3 0
github.com/jordigilh/kubernaut/pkg/aianalysis/client/generated/oas_handlers_gen.go:112.37,137.93 3 0
github.com/jordigilh/kubernaut/pkg/aianalysis/client/generated/oas_handlers_gen.go:137.93,140.5 2 0
github.com/jordigilh/kubernaut/pkg/aianalysis/client/generated/oas_handlers_gen.go:142.8,144.3 1 0
github.com/jordigilh/kubernaut/pkg/aianalysis/client/generated/oas_handlers_gen.go:145.2,145.16 1 0
github.com/jordigilh/kubernaut/pkg/aianalysis/client/generated/oas_handlers_gen.go:145.16,149.3 3 0
github.com/jordigilh/kubernaut/pkg/aianalysis/client/generated/oas_handlers_gen.go:151.2,151.76 1 0
github.com/jordigilh/kubernaut/pkg/aianalysis/client/generated/oas_handlers_gen.go:151.76,153.57 2 0
github.com/jordigilh/kubernaut/pkg/aianalysis/client/generated/oas_handlers_gen.go:153.57,155.4 1 0
github.com/jordigilh/kubernaut/pkg/aianalysis/client/generated/oas_handlers_gen.go:156.3,156.9 1 0
github.com/jordigilh/kubernaut/pkg/aianalysis/client/generated/oas_handlers_gen.go:166.126,188.15 9 0
github.com/jordigilh/kubernaut/pkg/aianalysis/client/generated/oas_handlers_gen.go:188.15,194.16 5 0
github.com/jordigilh/kubernaut/pkg/aianalysis/client/generated/oas_handlers_gen.go:194.16,198.4 3 0
github.com/jordigilh/kubernaut/pkg/aianalysis/client/generated/oas_handlers_gen.go:199.3,205.86 3 0
github.com/jordigilh/kubernaut/pkg/aianalysis/client/generated/oas_handlers_gen.go:208.2,209.47 1 0
github.com/jordigilh/kubernaut/pkg/aianalysis/client/generated/oas_handlers_gen.go:209.47,217.33 3 0
github.com/jordigilh/kubernaut/pkg/aianalysis/client/generated/oas_handlers_gen.go:217.33,219.5 1 0
github.com/jordigilh/kubernaut/pkg/aianalysis/client/generated/oas_handlers_gen.go:221.4,223.17 3 0
github.com/jordigilh/kubernaut/pkg/aianalysis/client/generated/oas_handlers_gen.go:223.17,225.5 1 0
github.com/jordigilh/kubernaut/pkg/aianalysis/client/generated/oas_handlers_gen.go:227.4,227.57 1 0
github.com/jordigilh/kubernaut/pkg/aianalysis/client/generated/oas_handlers_gen.go:232.2,235.37 3 0
github.com/jordigilh/kubernaut/pkg/aianalysis/client/generated/oas_handlers_gen.go:235.37,260.93 3 0
github.com/jordigilh/kubernaut/pkg/aianalysis/client/generated/oas_handlers_gen.go:260.93,263.5 2 0
github.com/jordigilh/kubernaut/pkg/aianalysis/client/generated/oas_handlers_gen.go:265.8,267.3 1 0
github.com/jordigilh/kubernaut/pkg/aianalysis/client/generated/oas_handlers_gen.go:268.2,268.16 1 0
github.com/jordigilh/kubernaut/pkg/aianalysis/client/generated/oas_handlers_gen.go:268.16,272.3 3 0
github.com/jordigilh/kubernaut/pkg/aianalysis/client/generated/oas_handlers_gen.go:274.2,274.78 1 0
github.com/jordigilh/kubernaut/pkg/aianalysis/client/generated/oas_handlers_gen.go:274.78,276.57 2 0
github.com/jordigilh/kubernaut/pkg/aianalysis/client/generated/oas_handlers_gen.go:276.57,278.4 1 0
github.com/jordigilh/kubernaut/pkg/aianalysis/client/generated/oas_handlers_gen.go:279.3,279.9 1 0
github.com/jordigilh/kubernaut/pkg/aianalysis/client/generated/oas_handlers_gen.go:291.153,313.15 9 0
github.com/jordigilh/kubernaut/pkg/aianalysis/client/generated/oas_handlers_gen.go:313.15,319.16 5 0
github.com/jordigilh/kubernaut/pkg/aianalysis/client/generated/oas_handlers_gen.go:319.16,323.4 3 0
github.com/jordigilh/kubernaut/pkg/aianalysis/client/generated/oas_handlers_gen.go:324.3,330.86 3 0
github.com/jordigilh/kubernaut/pkg/aianalysis/client/generated/oas_handlers_gen.go:333.2,334.47 1 0
github.com/jordigilh/kubernaut/pkg/aianalysis/client/generated/oas_handlers_gen.go:334.47,342.33 3 0
github.com/jordigilh/kubernaut/pkg/aianalysis/client/generated/oas_handlers_gen.go:342.33,344.5 1 0
github.com/jordigilh/kubernaut/pkg/aianalysis/client/generated/oas_handlers_gen.go:346.4,348.17 3 0
github.com/jordigilh/kubernaut/pkg/aianalysis/client/generated/oas_handlers_gen.go:348.17,350.5 1 0
github.com/jordigilh/kubernaut/pkg/aianalysis/client/generated/oas_handlers_gen.go:352.4,352.57 1 0
github.com/jordigilh/kubernaut/pkg/aianalysis/client/generated/oas_handlers_gen.go:361.2,363.16 3 0
github.com/jordigilh/kubernaut/pkg/aianalysis/client/generated/oas_handlers_gen.go:363.16,371.3 4 0
github.com/jordigilh/kubernaut/pkg/aianalysis/client/generated/oas_handlers_gen.go:372.2,372.15 1 0
github.com/jordigilh/kubernaut/pkg/aianalysis/client/generated/oas_handlers_gen.go:372.15,373.33 1 0
github.com/jordigilh/kubernaut/pkg/aianalysis/client/generated/oas_handlers_gen.go:373.33,375.4 1 0
github.com/jordigilh/kubernaut/pkg/aianalysis/client/generated/oas_handlers_gen.go:378.2,379.37 2 0
github.com/jordigilh/kubernaut/pkg/aianalysis/client/generated/oas_handlers_gen.go:379.37,404.93 3 0
github.com/jordigilh/kubernaut/pkg/aianalysis/client/generated/oas_handlers_gen.go:404.93,407.5 2 0
github.com/jordigilh/kubernaut/pkg/aianalysis/client/generated/oas_handlers_gen.go:409.8,411.3 1 0
github.com/jordigilh/kubernaut/pkg/aianalysis/client/generated/oas_handlers_gen.go:412.2,412.16 1 0
github.com/jordigilh/kubernaut/pkg/aianalysis/client/generated/oas_handlers_gen.go:412.16,416.3 3 0
github.com/jordigilh/kubernaut/pkg/aianalysis/client/generated/oas_handlers_gen.go:418.2,418.105 1 0
github.com/jordigilh/kubernaut/pkg/aianalysis/client/generated/oas_handlers_gen.go:418.105,420.57 2 0
github.com/jordigilh/kubernaut/pkg/aianalysis/client/generated/oas_handlers_gen.go:420.57,422.4 1 0
github.com/jordigilh/kubernaut/pkg/aianalysis/client/generated/oas_handlers_gen.go:423.3,423.9 1 0
github.com/jordigilh/kubernaut/pkg/aianalysis/client/generated/oas_handlers_gen.go:437.128,459.15 9 0
github.com/jordigilh/kubernaut/pkg/aianalysis/client/generated/oas_handlers_gen.go:459.15,465.16 5 0
github.com/jordigilh/kubernaut/pkg/aianalysis/client/generated/oas_handlers_gen.go:465.16,469.4 3 0
github.com/jordigilh/kubernaut/pkg/aianalysis/client/generated/oas_handlers_gen.go:470.3,476.86 3 0
github.com/jordigilh/kubernaut/pkg/aianalysis/client/generated/oas_handlers_gen.go:479.2,480.47 1 0
github.com/jordigilh/kubernaut/pkg/aianalysis/client/generated/oas_handlers_gen.go:480.47,488.33 3 0
github.com/jordigilh/kubernaut/pkg/aianalysis/client/generated/oas_handlers_gen.go:488.33,490.5 1 0
github.com/jordigilh/kubernaut/pkg/aianalysis/client/generated/oas_handlers_gen.go:492.4,494.17 3 0
github.com/jordigilh/kubernaut/pkg/aianalysis/client/generated/oas_handlers_gen.go:494.17,496.5 1 0
github.com/jordigilh/kubernaut/pkg/aianalysis/client/generated/oas_handlers_gen.go:498.4,498.57 1 0
github.com/jordigilh/kubernaut/pkg/aianalysis/client/generated/oas_handlers_gen.go:503.2,506.37 3 0
github.com/jordigilh/kubernaut/pkg/aianalysis/client/generated/oas_handlers_gen.go:506.37,531.93 3 0
github.com/jordigilh/kubernaut/pkg/aianalysis/client/generated/oas_handlers_gen.go:531.93,534.5 2 0
github.com/jordigilh/kubernaut/pkg/aianalysis/client/generated/oas_handlers_gen.go:536.8,538.3 1 0
github.com/jordigilh/kubernaut/pkg/aianalysis/client/generated/oas_handlers_gen.go:539.2,539.16 1 0
github.com/jordigilh/kubernaut/pkg/aianalysis/client/generated/oas_handlers_gen.go:539.16,543.3 3 0
github.com/jordigilh/kubernaut/pkg/aianalysis/client/generated/oas_handlers_gen.go:545.2,545.80 1 0
github.com/jordigilh/kubernaut/pkg/aianalysis/client/generated/oas_handlers_gen.go:545.80,547.57 2 0
github.com/jordigilh/kubernaut/pkg/aianalysis/client/generated/oas_handlers_gen.go:547.57,549.4 1 0
github.com/jordigilh/kubernaut/pkg/aianalysis/client/generated/oas_handlers_gen.go:550.3,550.9 1 0
github.com/jordigilh/kubernaut/pkg/aianalysis/client/generated/oas_handlers_gen.go:562.153,584.15 9 0
github.com/jordigilh/kubernaut/pkg/aianalysis/client/generated/oas_handlers_gen.go:584.15,590.16 5 0
github.com/jordigilh/kubernaut/pkg/aianalysis/client/generated/oas_handlers_gen.go:590.16,594.4 3 0
github.com/jordigilh/kubernaut/pkg/aianalysis/client/generated/oas_handlers_gen.go:595.3,601.86 3 0
github.com/jordigilh/kubernaut/pkg/aianalysis/client/generated/oas_handlers_gen.go:604.2,605.47 1 0
github.com/jordigilh/kubernaut/pkg/aianalysis/client/generated/oas_handlers_gen.go:605.47,613.33 3 0
github.com/jordigilh/kubernaut/pkg/aianalysis/client/generated/oas_handlers_gen.go:613.33,615.5 1 0
github.com/jordigilh/kubernaut/pkg/aianalysis/client/generated/oas_handlers_gen.go:617.4,619.17 3 0
github.com/jordigilh/kubernaut/pkg/aianalysis/client/generated/oas_handlers_gen.go:619.17,621.5 1 0
github.com/jordigilh/kubernaut/pkg/aianalysis/client/generated/oas_handlers_gen.go:623.4,623.57 1 0
github.com/jordigilh/kubernaut/pkg/aianalysis/client/generated/oas_handlers_gen.go:632.2,634.16 3 0
github.com/jordigilh/kubernaut/pkg/aianalysis/client/generated/oas_handlers_gen.go:634.16,642.3 4 0
github.com/jordigilh/kubernaut/pkg/aianalysis/client/generated/oas_handlers_gen.go:643.2,643.15 1 0
github.com/jordigilh/kubernaut/pkg/aianalysis/client/generated/oas_handlers_gen.go:643.15,644.33 1 0
github.com/jordigilh/kubernaut/pkg/aianalysis/client/generated/oas_handlers_gen.go:644.33,646.4 1 0
github.com/jordigilh/kubernaut/pkg/aianalysis/client/generated/oas_handlers_gen.go:649.2,650.37 2 0
github.com/jordigilh/kubernaut/pkg/aianalysis/client/generated/oas_handlers_gen.go:650.37,675.93 3 0
github.com/jordigilh/kubernaut/pkg/aianalysis/client/generated/oas_handlers_gen.go:675.93,678.5 2 0
github.com/jordigilh/kubernaut/pkg/aianalysis/client/generated/oas_handlers_gen.go:680.8,682.3 1 0
github.com/jordigilh/kubernaut/pkg/aianalysis/client/generated/oas_handlers_gen.go:683.2,683.16 1 0
github.com/jordigilh/kubernaut/pkg/aianalysis/client/generated/oas_handlers_gen.go:683.16,687.3 3 0
github.com/jordigilh/kubernaut/pkg/aianalysis/client/generated/oas_handlers_gen.go:689.2,689.105 1 0
github.com/jordigilh/kubernaut/pkg/aianalysis/client/generated/oas_handlers_gen.go:689.105,691.57 2 0
github.com/jordigilh/kubernaut/pkg/aianalysis/client/generated/oas_handlers_gen.go:691.57,693.4 1 0
github.com/jordigilh/kubernaut/pkg/aianalysis/client/generated/oas_handlers_gen.go:694.3,694.9 1 0
github.com/jordigilh/kubernaut/pkg/aianalysis/client/generated/oas_json_gen.go:15.53,19.2 3 0
github.com/jordigilh/kubernaut/pkg/aianalysis/client/generated/oas_json_gen.go:22.59,23.2 1 0
github.com/jordigilh/kubernaut/pkg/aianalysis/client/generated/oas_json_gen.go:23.2,26.3 2 0
github.com/jordigilh/kubernaut/pkg/aianalysis/client/generated/oas_json_gen.go:27.2,28.27 1 0
github.com/jordigilh/kubernaut/pkg/aianalysis/client/generated/oas_json_gen.go:28.27,31.4 2 0
github.com/jordigilh/kubernaut/pkg/aianalysis/client/generated/oas_json_gen.go:33.2,36.3 2 0
github.com/jordigilh/kubernaut/pkg/aianalysis/client/generated/oas_json_gen.go:37.2,40.3 2 0
github.com/jordigilh/kubernaut/pkg/aianalysis/client/generated/oas_json_gen.go:51.59,52.14 1 0
github.com/jordigilh/kubernaut/pkg/aianalysis/client/generated/oas_json_gen.go:52.14,54.3 1 0
github.com/jordigilh/kubernaut/pkg/aianalysis/client/generated/oas_json_gen.go:55.2,57.59 2 0
github.com/jordigilh/kubernaut/pkg/aianalysis/client/generated/oas_json_gen.go:57.59,58.20 1 0
github.com/jordigilh/kubernaut/pkg/aianalysis/client/generated/oas_json_gen.go:59.22,61.27 2 0
github.com/jordigilh/kubernaut/pkg/aianalysis/client/generated/oas_json_gen.go:61.27,64.19 3 0
github.com/jordigilh/kubernaut/pkg/aianalysis/client/generated/oas_json_gen.go:64.19,66.6 1 0
github.com/jordigilh/kubernaut/pkg/aianalysis/client/generated/oas_json_gen.go:67.5,67.15 1 0
github.com/jordigilh/kubernaut/pkg/aianalysis/client/generated/oas_json_gen.go:68.20,70.5 1 0
github.com/jordigilh/kubernaut/pkg/aianalysis/client/generated/oas_json_gen.go:71.26,72.27 1 0
github.com/jordigilh/kubernaut/pkg/aianalysis/client/generated/oas_json_gen.go:72.27,74.54 2 0
github.com/jordigilh/kubernaut/pkg/aianalysis/client/generated/oas_json_gen.go:74.54,76.6 1 0
github.com/jordigilh/kubernaut/pkg/aianalysis/client/generated/oas_json_gen.go:77.5,77.15 1 0
github.com/jordigilh/kubernaut/pkg/aianalysis/client/generated/oas_json_gen.go:78.20,80.5 1 0
github.com/jordigilh/kubernaut/pkg/aianalysis/client/generated/oas_json_gen.go:81.21,83.27 2 0
github.com/jordigilh/kubernaut/pkg/aianalysis/client/generated/oas_json_gen.go:83.27,86.19 3 0
github.com/jordigilh/kubernaut/pkg/aianalysis/client/generated/oas_json_gen.go:86.19,88.6 1 0
github.com/jordigilh/kubernaut/pkg/aianalysis/client/generated/oas_json_gen.go:89.5,89.15 1 0
github.com/jordigilh/kubernaut/pkg/aianalysis/client/generated/oas_json_gen.go:90.20,92.5 1 0
github.com/jordigilh/kubernaut/pkg/aianalysis/client/generated/oas_json_gen.go:93.20,95.27 2 0
github.com/jordigilh/kubernaut/pkg/aianalysis/client/generated/oas_json_gen.go:95.27,98.19 3 0
github.com/jordigilh/kubernaut/pkg/aianalysis/client/generated/oas_json_gen.go:98.19,100.6 1 0
github.com/jordigilh/kubernaut/pkg/aianalysis/client/generated/oas_json_gen.go:101.5,101.15 1 0
github.com/jordigilh/kubernaut/pkg/aianalysis/client/generated/oas_json_gen.go:102.20,104.5 1 0
github.com/jordigilh/kubernaut/pkg/aianalysis/client/generated/oas_json_gen.go:105.11,106.19 1 0
github.com/jordigilh/kubernaut/pkg/aianalysis/client/generated/oas_json_gen.go:108.3,108.13 1 0
github.com/jordigilh/kubernaut/pkg/aianalysis/client/generated/oas_json_gen.go:109.17,111.3 1 0
github.com/jordigilh/kubernaut/pkg/aianalysis/client/generated/oas_json_gen.go:113.2,116.4 2 0
github.com/jordigilh/kubernaut/pkg/aianalysis/client/generated/oas_json_gen.go:116.4,117.63 1 0
github.com/jordigilh/kubernaut/pkg/aianalysis/client/generated/oas_json_gen.go:117.63,123.41 2 0
github.com/jordigilh/kubernaut/pkg/aianalysis/client/generated/oas_json_gen.go:123.41,127.60 4 0
github.com/jordigilh/kubernaut/pkg/aianalysis/client/generated/oas_json_gen.go:127.60,129.6 1 0
github.com/jordigilh/kubernaut/pkg/aianalysis/client/generated/oas_json_gen.go:129.11,131.6 1 0
github.com/jordigilh/kubernaut/pkg/aianalysis/client/generated/oas_json_gen.go:132.5,137.27 2 0
github.com/jordigilh/kubernaut/pkg/aianalysis/client/generated/oas_json_gen.go:141.2,141.23 1 0
github.com/jordigilh/kubernaut/pkg/aianalysis/client/generated/oas_json_gen.go:141.23,143.3 1 0
github.com/jordigilh/kubernaut/pkg/aianalysis/client/generated/oas_json_gen.go:145.2,145.12 1 0
github.com/jordigilh/kubernaut/pkg/aianalysis/client/generated/oas_json_gen.go:149.61,153.2 3 0
github.com/jordigilh/kubernaut/pkg/aianalysis/client/generated/oas_json_gen.go:156.64,159.2 2 0
github.com/jordigilh/kubernaut/pkg/aianalysis/client/generated/oas_json_gen.go:162.48,166.2 3 0
github.com/jordigilh/kubernaut/pkg/aianalysis/client/generated/oas_json_gen.go:169.54,170.2 1 0
github.com/jordigilh/kubernaut/pkg/aianalysis/client/generated/oas_json_gen.go:170.2,171.32 1 0
github.com/jordigilh/kubernaut/pkg/aianalysis/client/generated/oas_json_gen.go:171.32,174.44 3 0
github.com/jordigilh/kubernaut/pkg/aianalysis/client/generated/oas_json_gen.go:174.44,176.5 1 0
github.com/jordigilh/kubernaut/pkg/aianalysis/client/generated/oas_json_gen.go:177.4,177.14 1 0
github.com/jordigilh/kubernaut/pkg/aianalysis/client/generated/oas_json_gen.go:180.2,181.26 1 0
github.com/jordigilh/kubernaut/pkg/aianalysis/client/generated/oas_json_gen.go:181.26,184.4 2 0
github.com/jordigilh/kubernaut/pkg/aianalysis/client/generated/oas_json_gen.go:186.2,187.23 1 0
github.com/jordigilh/kubernaut/pkg/aianalysis/client/generated/oas_json_gen.go:187.23,190.4 2 0
github.com/jordigilh/kubernaut/pkg/aianalysis/client/generated/oas_json_gen.go:192.2,193.25 1 0
github.com/jordigilh/kubernaut/pkg/aianalysis/client/generated/oas_json_gen.go:193.25,196.4 2 0
github.com/jordigilh/kubernaut/pkg/aianalysis/client/generated/oas_json_gen.go:198.2,199.23 1 0
github.com/jordigilh/kubernaut/pkg/aianalysis/client/generated/oas_json_gen.go:199.23,202.4 2 0
github.com/jordigilh/kubernaut/pkg/aianalysis/client/generated/oas_json_gen.go:204.2,205.21 1 0
github.com/jordigilh/kubernaut/pkg/aianalysis/client/generated/oas_json_gen.go:205.21,208.4 2 0
github.com/jordigilh/kubernaut/pkg/aianalysis/client/generated/oas_json_gen.go:210.2,211.24 1 0
github.com/jordigilh/kubernaut/pkg/aianalysis/client/generated/oas_json_gen.go:211.24,214.4 2 0
github.com/jordigilh/kubernaut/pkg/aianalysis/client/generated/oas_json_gen.go:216.2,217.28 1 0
github.com/jordigilh/kubernaut/pkg/aianalysis/client/generated/oas_json_gen.go:217.28,220.4 2 0
github.com/jordigilh/kubernaut/pkg/aianalysis/client/generated/oas_json_gen.go:222.2,223.24 1 0
github.com/jordigilh/kubernaut/pkg/aianalysis/client/generated/oas_json_gen.go:223.24,226.4 2 0
github.com/jordigilh/kubernaut/pkg/aianalysis/client/generated/oas_json_gen.go:243.54,244.14 1 0
github.com/jordigilh/kubernaut/pkg/aianalysis/client/generated/oas_json_gen.go:244.14,246.3 1 0
github.com/jordigilh/kubernaut/pkg/aianalysis/client/generated/oas_json_gen.go:247.2,249.59 2 0
github.com/jordigilh/kubernaut/pkg/aianalysis/client/generated/oas_json_gen.go:249.59,250.20 1 0
github.com/jordigilh/kubernaut/pkg/aianalysis/client/generated/oas_json_gen.go:251.27,252.27 1 0
github.com/jordigilh/kubernaut/pkg/aianalysis/client/generated/oas_json_gen.go:252.27,254.47 2 0
github.com/jordigilh/kubernaut/pkg/aianalysis/client/generated/oas_json_gen.go:254.47,258.20 4 0
github.com/jordigilh/kubernaut/pkg/aianalysis/client/generated/oas_json_gen.go:258.20,260.7 1 0
github.com/jordigilh/kubernaut/pkg/aianalysis/client/generated/oas_json_gen.go:261.6,262.16 2 0
github.com/jordigilh/kubernaut/pkg/aianalysis/client/generated/oas_json_gen.go:263.20,265.6 1 0
github.com/jordigilh/kubernaut/pkg/aianalysis/client/generated/oas_json_gen.go:266.5,266.15 1 0
github.com/jordigilh/kubernaut/pkg/aianalysis/client/generated/oas_json_gen.go:267.20,269.5 1 0
github.com/jordigilh/kubernaut/pkg/aianalysis/client/generated/oas_json_gen.go:270.24,271.27 1 0
github.com/jordigilh/kubernaut/pkg/aianalysis/client/generated/oas_json_gen.go:271.27,273.53 2 0
github.com/jordigilh/kubernaut/pkg/aianalysis/client/generated/oas_json_gen.go:273.53,275.6 1 0
github.com/jordigilh/kubernaut/pkg/aianalysis/client/generated/oas_json_gen.go:276.5,276.15 1 0
github.com/jordigilh/kubernaut/pkg/aianalysis/client/generated/oas_json_gen.go:277.20,279.5 1 0
github.com/jordigilh/kubernaut/pkg/aianalysis/client/generated/oas_json_gen.go:280.21,281.27 1 0
github.com/jordigilh/kubernaut/pkg/aianalysis/client/generated/oas_json_gen.go:281.27,283.50 2 0
github.com/jordigilh/kubernaut/pkg/aianalysis/client/generated/oas_json_gen.go:283.50,285.6 1 0
github.com/jordigilh/kubernaut/pkg/aianalysis/client/generated/oas_json_gen.go:286.5,286.15 1 0
github.com/jordigilh/kubernaut/pkg/aianalysis/client/generated/oas_json_gen.go:287.20,289.5 1 0
github.com/jordigilh/kubernaut/pkg/aianalysis/client/generated/oas_json_gen.go:290.23,291.27 1 0
github.com/jordigilh/kubernaut/pkg/aianalysis/client/generated/oas_json_gen.go:291.27,293.52 2 0
github.com/jordigilh/kubernaut/pkg/aianalysis/client/generated/oas_json_gen.go:293.52,295.6 1 0
github.com/jordigilh/kubernaut/pkg/aianalysis/client/generated/oas_json_gen.go:296.5,296.15 1 0
github.com/jordigilh/kubernaut/pkg/aianalysis/client/generated/oas_json_gen.go:297.20,299.5 1 0
github.com/jordigilh/kubernaut/pkg/aianalysis/client/generated/oas_json_gen.go:300.21,301.27 1 0
github.com/jordigilh/kubernaut/pkg/aianalysis/client/generated/oas_json_gen.go:301.27,303.50 2 0
github.com/jordigilh/kubernaut/pkg/aianalysis/client/generated/oas_json_gen.go:303.50,305.6 1 0
github.com/jordigilh/kubernaut/pkg/aianalysis/client/generated/oas_json_gen.go:306.5,306.15 1 0
github.com/jordigilh/kubernaut/pkg/aianalysis/client/generated/oas_json_gen.go:307.20,309.5 1 0
github.com/jordigilh/kubernaut/pkg/aianalysis/client/generated/oas_json_gen.go:310.19,311.27 1 0
github.com/jordigilh/kubernaut/pkg/aianalysis/client/generated/oas_json_gen.go:311.27,313.48 2 0
github.com/jordigilh/kubernaut/pkg/aianalysis/client/generated/oas_json_gen.go:313.48,315.6 1 0
github.com/jordigilh/kubernaut/pkg/aianalysis/client/generated/oas_json_gen.go:316.5,316.15 1 0
github.com/jordigilh/kubernaut/pkg/aianalysis/client/generated/oas_json_gen.go:317.20,319.5 1 0
github.com/jordigilh/kubernaut/pkg/aianalysis/client/generated/oas_json_gen.go:320.22,321.27 1 0
github.com/jordigilh/kubernaut/pkg/aianalysis/client/generated/oas_json_gen.go:321.27,323.51 2 0
github.com/jordigilh/kubernaut/pkg/aianalysis/client/generated/oas_json_gen.go:323.51,325.6 1 0
github.com/jordigilh/kubernaut/pkg/aianalysis/client/generated/oas_json_gen.go:326.5,326.15 1 0
github.com/jordigilh/kubernaut/pkg/aianalysis/client/generated/oas_json_gen.go:327.20,329.5 1 0
github.com/jordigilh/kubernaut/pkg/aianalysis/client/generated/oas_json_gen.go:330.26,331.27 1 0
github.com/jordigilh/kubernaut/pkg/aianalysis/client/generated/oas_json_gen.go:331.27,333.55 2 0
github.com/jordigilh/kubernaut/pkg/aianalysis/client/generated/oas_json_gen.go:333.55,335.6 1 0
github.com/jordigilh/kubernaut/pkg/aianalysis/client/generated/oas_json_gen.go:336.5,336.15 1 0
github.com/jordigilh/kubernaut/pkg/aianalysis/client/generated/oas_json_gen.go:337.20,339.5 1 0
github.com/jordigilh/kubernaut/pkg/aianalysis/client/generated/oas_json_gen.go:340.22,341.27 1 0
github.com/jordigilh/kubernaut/pkg/aianalysis/client/generated/oas_json_gen.go:341.27,343.51 2 0
github.com/jordigilh/kubernaut/pkg/aianalysis/client/generated/oas_json_gen.go:343.51,345.6 1 0
github.com/jordigilh/kubernaut/pkg/aianalysis/client/generated/oas_json_gen.go:346.5,346.15 1 0
github.com/jordigilh/kubernaut/pkg/aianalysis/client/generated/oas_json_gen.go:347.20,349.5 1 0
github.com/jordigilh/kubernaut/pkg/aianalysis/client/generated/oas_json_gen.go:350.11,351.19 1 0
github.com/jordigilh/kubernaut/pkg/aianalysis/client/generated/oas_json_gen.go:353.3,353.13 1 0
github.com/jordigilh/kubernaut/pkg/aianalysis/client/generated/oas_json_gen.go:354.17,356.3 1 0
github.com/jordigilh/kubernaut/pkg/aianalysis/client/generated/oas_json_gen.go:358.2,358.12 1 0
github.com/jordigilh/kubernaut/pkg/aianalysis/client/generated/oas_json_gen.go:362.56,366.2 3 0
github.com/jordigilh/kubernaut/pkg/aianalysis/client/generated/oas_json_gen.go:369.59,372.2 2 0
github.com/jordigilh/kubernaut/pkg/aianalysis/client/generated/oas_json_gen.go:375.51,379.2 3 0
github.com/jordigilh/kubernaut/pkg/aianalysis/client/generated/oas_json_gen.go:382.57,383.2 1 0
github.com/jordigilh/kubernaut/pkg/aianalysis/client/generated/oas_json_gen.go:383.2,384.30 1 0
github.com/jordigilh/kubernaut/pkg/aianalysis/client/generated/oas_json_gen.go:384.30,387.4 2 0
github.com/jordigilh/kubernaut/pkg/aianalysis/client/generated/oas_json_gen.go:389.2,390.27 1 0
github.com/jordigilh/kubernaut/pkg/aianalysis/client/generated/oas_json_gen.go:390.27,393.4 2 0
github.com/jordigilh/kubernaut/pkg/aianalysis/client/generated/oas_json_gen.go:395.2,396.25 1 0
github.com/jordigilh/kubernaut/pkg/aianalysis/client/generated/oas_json_gen.go:396.25,399.4 2 0
github.com/jordigilh/kubernaut/pkg/aianalysis/client/generated/oas_json_gen.go:401.2,402.30 1 0
github.com/jordigilh/kubernaut/pkg/aianalysis/client/generated/oas_json_gen.go:402.30,405.4 2 0
github.com/jordigilh/kubernaut/pkg/aianalysis/client/generated/oas_json_gen.go:417.57,418.14 1 0
github.com/jordigilh/kubernaut/pkg/aianalysis/client/generated/oas_json_gen.go:418.14,420.3 1 0
github.com/jordigilh/kubernaut/pkg/aianalysis/client/generated/oas_json_gen.go:421.2,423.59 2 0
github.com/jordigilh/kubernaut/pkg/aianalysis/client/generated/oas_json_gen.go:423.59,424.20 1 0
github.com/jordigilh/kubernaut/pkg/aianalysis/client/generated/oas_json_gen.go:425.28,426.27 1 0
github.com/jordigilh/kubernaut/pkg/aianalysis/client/generated/oas_json_gen.go:426.27,428.57 2 0
github.com/jordigilh/kubernaut/pkg/aianalysis/client/generated/oas_json_gen.go:428.57,430.6 1 0
github.com/jordigilh/kubernaut/pkg/aianalysis/client/generated/oas_json_gen.go:431.5,431.15 1 0
github.com/jordigilh/kubernaut/pkg/aianalysis/client/generated/oas_json_gen.go:432.20,434.5 1 0
github.com/jordigilh/kubernaut/pkg/aianalysis/client/generated/oas_json_gen.go:435.25,436.27 1 0
github.com/jordigilh/kubernaut/pkg/aianalysis/client/generated/oas_json_gen.go:436.27,438.54 2 0
github.com/jordigilh/kubernaut/pkg/aianalysis/client/generated/oas_json_gen.go:438.54,440.6 1 0
github.com/jordigilh/kubernaut/pkg/aianalysis/client/generated/oas_json_gen.go:441.5,441.15 1 0
github.com/jordigilh/kubernaut/pkg/aianalysis/client/generated/oas_json_gen.go:442.20,444.5 1 0
github.com/jordigilh/kubernaut/pkg/aianalysis/client/generated/oas_json_gen.go:445.23,446.27 1 0
github.com/jordigilh/kubernaut/pkg/aianalysis/client/generated/oas_json_gen.go:446.27,448.52 2 0
github.com/jordigilh/kubernaut/pkg/aianalysis/client/generated/oas_json_gen.go:448.52,450.6 1 0
github.com/jordigilh/kubernaut/pkg/aianalysis/client/generated/oas_json_gen.go:451.5,451.15 1 0
github.com/jordigilh/kubernaut/pkg/aianalysis/client/generated/oas_json_gen.go:452.20,454.5 1 0
github.com/jordigilh/kubernaut/pkg/aianalysis/client/generated/oas_json_gen.go:455.28,456.27 1 0
github.com/jordigilh/kubernaut/pkg/aianalysis/client/generated/oas_json_gen.go:456.27,458.57 2 0
github.com/jordigilh/kubernaut/pkg/aianalysis/client/generated/oas_json_gen.go:458.57,460.6 1 0
github.com/jordigilh/kubernaut/pkg/aianalysis/client/generated/oas_json_gen.go:461.5,461.15 1 0
github.com/jordigilh/kubernaut/pkg/aianalysis/client/generated/oas_json_gen.go:462.20,464.5 1 0
github.com/jordigilh/kubernaut/pkg/aianalysis/client/generated/oas_json_gen.go:465.11,466.19 1 0
github.com/jordigilh/kubernaut/pkg/aianalysis/client/generated/oas_json_gen.go:468.3,468.13 1 0
github.com/jordigilh/kubernaut/pkg/aianalysis/client/generated/oas_json_gen.go:469.17,471.3 1 0
github.com/jordigilh/kubernaut/pkg/aianalysis/client/generated/oas_json_gen.go:473.2,473.12 1 0
github.com/jordigilh/kubernaut/pkg/aianalysis/client/generated/oas_json_gen.go:477.59,481.2 3 0
github.com/jordigilh/kubernaut/pkg/aianalysis/client/generated/oas_json_gen.go:484.62,487.2 2 0
github.com/jordigilh/kubernaut/pkg/aianalysis/client/generated/oas_json_gen.go:490.62,494.2 3 0
github.com/jordigilh/kubernaut/pkg/aianalysis/client/generated/oas_json_gen.go:497.68,498.25 1 0
github.com/jordigilh/kubernaut/pkg/aianalysis/client/generated/oas_json_gen.go:498.25,502.29 3 0
github.com/jordigilh/kubernaut/pkg/aianalysis/client/generated/oas_json_gen.go:502.29,504.4 1 0
github.com/jordigilh/kubernaut/pkg/aianalysis/client/generated/oas_json_gen.go:505.3,505.13 1 0
github.com/jordigilh/kubernaut/pkg/aianalysis/client/generated/oas_json_gen.go:510.69,511.14 1 0
github.com/jordigilh/kubernaut/pkg/aianalysis/client/generated/oas_json_gen.go:511.14,513.3 1 0
github.com/jordigilh/kubernaut/pkg/aianalysis/client/generated/oas_json_gen.go:514.2,515.59 2 0
github.com/jordigilh/kubernaut/pkg/aianalysis/client/generated/oas_json_gen.go:515.59,517.26 2 0
github.com/jordigilh/kubernaut/pkg/aianalysis/client/generated/oas_json_gen.go:517.26,519.46 2 0
github.com/jordigilh/kubernaut/pkg/aianalysis/client/generated/oas_json_gen.go:519.46,523.19 4 0
github.com/jordigilh/kubernaut/pkg/aianalysis/client/generated/oas_json_gen.go:523.19,525.6 1 0
github.com/jordigilh/kubernaut/pkg/aianalysis/client/generated/oas_json_gen.go:526.5,527.15 2 0
github.com/jordigilh/kubernaut/pkg/aianalysis/client/generated/oas_json_gen.go:528.19,530.5 1 0
github.com/jordigilh/kubernaut/pkg/aianalysis/client/generated/oas_json_gen.go:531.4,531.14 1 0
github.com/jordigilh/kubernaut/pkg/aianalysis/client/generated/oas_json_gen.go:532.19,534.4 1 0
github.com/jordigilh/kubernaut/pkg/aianalysis/client/generated/oas_json_gen.go:535.3,536.13 2 0
github.com/jordigilh/kubernaut/pkg/aianalysis/client/generated/oas_json_gen.go:537.17,539.3 1 0
github.com/jordigilh/kubernaut/pkg/aianalysis/client/generated/oas_json_gen.go:541.2,541.12 1 0
github.com/jordigilh/kubernaut/pkg/aianalysis/client/generated/oas_json_gen.go:545.70,549.2 3 0
github.com/jordigilh/kubernaut/pkg/aianalysis/client/generated/oas_json_gen.go:552.74,555.2 2 0
github.com/jordigilh/kubernaut/pkg/aianalysis/client/generated/oas_json_gen.go:558.67,562.2 3 0
github.com/jordigilh/kubernaut/pkg/aianalysis/client/generated/oas_json_gen.go:565.73,566.25 1 0
github.com/jordigilh/kubernaut/pkg/aianalysis/client/generated/oas_json_gen.go:566.25,569.21 2 0
github.com/jordigilh/kubernaut/pkg/aianalysis/client/generated/oas_json_gen.go:569.21,571.4 1 0
github.com/jordigilh/kubernaut/pkg/aianalysis/client/generated/oas_json_gen.go:576.74,577.14 1 0
github.com/jordigilh/kubernaut/pkg/aianalysis/client/generated/oas_json_gen.go:577.14,579.3 1 0
github.com/jordigilh/kubernaut/pkg/aianalysis/client/generated/oas_json_gen.go:580.2,581.59 2 0
github.com/jordigilh/kubernaut/pkg/aianalysis/client/generated/oas_json_gen.go:581.59,583.26 2 0
github.com/jordigilh/kubernaut/pkg/aianalysis/client/generated/oas_json_gen.go:583.26,586.18 3 0
github.com/jordigilh/kubernaut/pkg/aianalysis/client/generated/oas_json_gen.go:586.18,588.5 1 0
github.com/jordigilh/kubernaut/pkg/aianalysis/client/generated/oas_json_gen.go:589.4,589.14 1 0
github.com/jordigilh/kubernaut/pkg/aianalysis/client/generated/oas_json_gen.go:590.19,592.4 1 0
github.com/jordigilh/kubernaut/pkg/aianalysis/client/generated/oas_json_gen.go:593.3,594.13 2 0
github.com/jordigilh/kubernaut/pkg/aianalysis/client/generated/oas_json_gen.go:595.17,597.3 1 0
github.com/jordigilh/kubernaut/pkg/aianalysis/client/generated/oas_json_gen.go:599.2,599.12 1 0
github.com/jordigilh/kubernaut/pkg/aianalysis/client/generated/oas_json_gen.go:603.75,607.2 3 0
github.com/jordigilh/kubernaut/pkg/aianalysis/client/generated/oas_json_gen.go:610.79,613.2 2 0
github.com/jordigilh/kubernaut/pkg/aianalysis/client/generated/oas_json_gen.go:616.50,620.2 3 0
github.com/jordigilh/kubernaut/pkg/aianalysis/client/generated/oas_json_gen.go:623.56,624.2 1 0
github.com/jordigilh/kubernaut/pkg/aianalysis/client/generated/oas_json_gen.go:624.2,627.3 2 0
github.com/jordigilh/kubernaut/pkg/aianalysis/client/generated/oas_json_gen.go:628.2,631.3 2 0
github.com/jordigilh/kubernaut/pkg/aianalysis/client/generated/oas_json_gen.go:632.2,635.3 2 0
github.com/jordigilh/kubernaut/pkg/aianalysis/client/generated/oas_json_gen.go:636.2,639.3 2 0
github.com/jordigilh/kubernaut/pkg/aianalysis/client/generated/oas_json_gen.go:640.2,641.21 1 0
github.com/jordigilh/kubernaut/pkg/aianalysis/client/generated/oas_json_gen.go:641.21,644.4 2 0
github.com/jordigilh/kubernaut/pkg/aianalysis/client/generated/oas_json_gen.go:646.2,649.3 2 0
github.com/jordigilh/kubernaut/pkg/aianalysis/client/generated/oas_json_gen.go:650.2,653.3 2 0
github.com/jordigilh/kubernaut/pkg/aianalysis/client/generated/oas_json_gen.go:667.56,668.14 1 0
github.com/jordigilh/kubernaut/pkg/aianalysis/client/generated/oas_json_gen.go:668.14,670.3 1 0
github.com/jordigilh/kubernaut/pkg/aianalysis/client/generated/oas_json_gen.go:671.2,673.59 2 0
github.com/jordigilh/kubernaut/pkg/aianalysis/client/generated/oas_json_gen.go:673.59,674.20 1 0
github.com/jordigilh/kubernaut/pkg/aianalysis/client/generated/oas_json_gen.go:675.28,677.27 2 0
github.com/jordigilh/kubernaut/pkg/aianalysis/client/generated/oas_json_gen.go:677.27,680.19 3 0
github.com/jordigilh/kubernaut/pkg/aianalysis/client/generated/oas_json_gen.go:680.19,682.6 1 0
github.com/jordigilh/kubernaut/pkg/aianalysis/client/generated/oas_json_gen.go:683.5,683.15 1 0
github.com/jordigilh/kubernaut/pkg/aianalysis/client/generated/oas_json_gen.go:684.20,686.5 1 0
github.com/jordigilh/kubernaut/pkg/aianalysis/client/generated/oas_json_gen.go:687.27,689.27 2 0
github.com/jordigilh/kubernaut/pkg/aianalysis/client/generated/oas_json_gen.go:689.27,692.19 3 0
github.com/jordigilh/kubernaut/pkg/aianalysis/client/generated/oas_json_gen.go:692.19,694.6 1 0
github.com/jordigilh/kubernaut/pkg/aianalysis/client/generated/oas_json_gen.go:695.5,695.15 1 0
github.com/jordigilh/kubernaut/pkg/aianalysis/client/generated/oas_json_gen.go:696.20,698.5 1 0
github.com/jordigilh/kubernaut/pkg/aianalysis/client/generated/oas_json_gen.go:699.17,701.27 2 0
github.com/jordigilh/kubernaut/pkg/aianalysis/client/generated/oas_json_gen.go:701.27,704.19 3 0
github.com/jordigilh/kubernaut/pkg/aianalysis/client/generated/oas_json_gen.go:704.19,706.6 1 0
github.com/jordigilh/kubernaut/pkg/aianalysis/client/generated/oas_json_gen.go:707.5,707.15 1 0
github.com/jordigilh/kubernaut/pkg/aianalysis/client/generated/oas_json_gen.go:708.20,710.5 1 0
github.com/jordigilh/kubernaut/pkg/aianalysis/client/generated/oas_json_gen.go:711.18,713.27 2 0
github.com/jordigilh/kubernaut/pkg/aianalysis/client/generated/oas_json_gen.go:713.27,716.19 3 0
github.com/jordigilh/kubernaut/pkg/aianalysis/client/generated/oas_json_gen.go:716.19,718.6 1 0
github.com/jordigilh/kubernaut/pkg/aianalysis/client/generated/oas_json_gen.go:719.5,719.15 1 0
github.com/jordigilh/kubernaut/pkg/aianalysis/client/generated/oas_json_gen.go:720.20,722.5 1 0
github.com/jordigilh/kubernaut/pkg/aianalysis/client/generated/oas_json_gen.go:723.20,724.27 1 0
github.com/jordigilh/kubernaut/pkg/aianalysis/client/generated/oas_json_gen.go:724.27,726.48 2 0
github.com/jordigilh/kubernaut/pkg/aianalysis/client/generated/oas_json_gen.go:726.48,728.6 1 0
github.com/jordigilh/kubernaut/pkg/aianalysis/client/generated/oas_json_gen.go:729.5,729.15 1 0
github.com/jordigilh/kubernaut/pkg/aianalysis/client/generated/oas_json_gen.go:730.20,732.5 1 0
github.com/jordigilh/kubernaut/pkg/aianalysis/client/generated/oas_json_gen.go:733.20,735.27 2 0
github.com/jordigilh/kubernaut/pkg/aianalysis/client/generated/oas_json_gen.go:735.27,738.19 3 0
github.com/jordigilh/kubernaut/pkg/aianalysis/client/generated/oas_json_gen.go:738.19,740.6 1 0
github.com/jordigilh/kubernaut/pkg/aianalysis/client/generated/oas_json_gen.go:741.5,741.15 1 0
github.com/jordigilh/kubernaut/pkg/aianalysis/client/generated/oas_json_gen.go:742.20,744.5 1 0
github.com/jordigilh/kubernaut/pkg/aianalysis/client/generated/oas_json_gen.go:745.25,747.27 2 0
github.com/jordigilh/kubernaut/pkg/aianalysis/client/generated/oas_json_gen.go:747.27,750.19 3 0
github.com/jordigilh/kubernaut/pkg/aianalysis/client/generated/oas_json_gen.go:750.19,752.6 1 0
github.com/jordigilh/kubernaut/pkg/aianalysis/client/generated/oas_json_gen.go:753.5,753.15 1 0
github.com/jordigilh/kubernaut/pkg/aianalysis/client/generated/oas_json_gen.go:754.20,756.5 1 0
github.com/jordigilh/kubernaut/pkg/aianalysis/client/generated/oas_json_gen.go:757.11,758.19 1 0
github.com/jordigilh/kubernaut/pkg/aianalysis/client/generated/oas_json_gen.go:760.3,760.13 1 0
github.com/jordigilh/kubernaut/pkg/aianalysis/client/generated/oas_json_gen.go:761.17,763.3 1 0
github.com/jordigilh/kubernaut/pkg/aianalysis/client/generated/oas_json_gen.go:765.2,768.4 2 0
github.com/jordigilh/kubernaut/pkg/aianalysis/client/generated/oas_json_gen.go:768.4,769.63 1 0
github.com/jordigilh/kubernaut/pkg/aianalysis/client/generated/oas_json_gen.go:769.63,775.41 2 0
github.com/jordigilh/kubernaut/pkg/aianalysis/client/generated/oas_json_gen.go:775.41,779.57 4 0
github.com/jordigilh/kubernaut/pkg/aianalysis/client/generated/oas_json_gen.go:779.57,781.6 1 0
github.com/jordigilh/kubernaut/pkg/aianalysis/client/generated/oas_json_gen.go:781.11,783.6 1 0
github.com/jordigilh/kubernaut/pkg/aianalysis/client/generated/oas_json_gen.go:784.5,789.27 2 0
github.com/jordigilh/kubernaut/pkg/aianalysis/client/generated/oas_json_gen.go:793.2,793.23 1 0
github.com/jordigilh/kubernaut/pkg/aianalysis/client/generated/oas_json_gen.go:793.23,795.3 1 0
github.com/jordigilh/kubernaut/pkg/aianalysis/client/generated/oas_json_gen.go:797.2,797.12 1 0
github.com/jordigilh/kubernaut/pkg/aianalysis/client/generated/oas_json_gen.go:801.58,805.2 3 0
github.com/jordigilh/kubernaut/pkg/aianalysis/client/generated/oas_json_gen.go:808.61,811.2 2 0
github.com/jordigilh/kubernaut/pkg/aianalysis/client/generated/oas_json_gen.go:814.53,818.2 3 0
github.com/jordigilh/kubernaut/pkg/aianalysis/client/generated/oas_json_gen.go:821.59,822.2 1 0
github.com/jordigilh/kubernaut/pkg/aianalysis/client/generated/oas_json_gen.go:822.2,823.22 1 0
github.com/jordigilh/kubernaut/pkg/aianalysis/client/generated/oas_json_gen.go:823.22,826.34 3 0
github.com/jordigilh/kubernaut/pkg/aianalysis/client/generated/oas_json_gen.go:826.34,828.5 1 0
github.com/jordigilh/kubernaut/pkg/aianalysis/client/generated/oas_json_gen.go:829.4,829.14 1 0
github.com/jordigilh/kubernaut/pkg/aianalysis/client/generated/oas_json_gen.go:839.59,840.14 1 0
github.com/jordigilh/kubernaut/pkg/aianalysis/client/generated/oas_json_gen.go:840.14,842.3 1 0
github.com/jordigilh/kubernaut/pkg/aianalysis/client/generated/oas_json_gen.go:844.2,844.59 1 0
github.com/jordigilh/kubernaut/pkg/aianalysis/client/generated/oas_json_gen.go:844.59,845.20 1 0
github.com/jordigilh/kubernaut/pkg/aianalysis/client/generated/oas_json_gen.go:846.17,847.27 1 0
github.com/jordigilh/kubernaut/pkg/aianalysis/client/generated/oas_json_gen.go:847.27,849.47 2 0
github.com/jordigilh/kubernaut/pkg/aianalysis/client/generated/oas_json_gen.go:849.47,851.43 2 0
github.com/jordigilh/kubernaut/pkg/aianalysis/client/generated/oas_json_gen.go:851.43,853.7 1 0
github.com/jordigilh/kubernaut/pkg/aianalysis/client/generated/oas_json_gen.go:854.6,855.16 2 0
github.com/jordigilh/kubernaut/pkg/aianalysis/client/generated/oas_json_gen.go:856.20,858.6 1 0
github.com/jordigilh/kubernaut/pkg/aianalysis/client/generated/oas_json_gen.go:859.5,859.15 1 0
github.com/jordigilh/kubernaut/pkg/aianalysis/client/generated/oas_json_gen.go:860.20,862.5 1 0
github.com/jordigilh/kubernaut/pkg/aianalysis/client/generated/oas_json_gen.go:863.11,864.19 1 0
github.com/jordigilh/kubernaut/pkg/aianalysis/client/generated/oas_json_gen.go:866.3,866.13 1 0
github.com/jordigilh/kubernaut/pkg/aianalysis/client/generated/oas_json_gen.go:867.17,869.3 1 0
github.com/jordigilh/kubernaut/pkg/aianalysis/client/generated/oas_json_gen.go:871.2,871.12 1 0
github.com/jordigilh/kubernaut/pkg/aianalysis/client/generated/oas_json_gen.go:875.61,879.2 3 0
github.com/jordigilh/kubernaut/pkg/aianalysis/client/generated/oas_json_gen.go:882.64,885.2 2 0
github.com/jordigilh/kubernaut/pkg/aianalysis/client/generated/oas_json_gen.go:888.50,890.2 1 0
github.com/jordigilh/kubernaut/pkg/aianalysis/client/generated/oas_json_gen.go:893.57,894.14 1 0
github.com/jordigilh/kubernaut/pkg/aianalysis/client/generated/oas_json_gen.go:894.14,896.3 1 0
github.com/jordigilh/kubernaut/pkg/aianalysis/client/generated/oas_json_gen.go:897.2,898.16 2 0
github.com/jordigilh/kubernaut/pkg/aianalysis/client/generated/oas_json_gen.go:898.16,900.3 1 0
github.com/jordigilh/kubernaut/pkg/aianalysis/client/generated/oas_json_gen.go:902.2,902.30 1 0
github.com/jordigilh/kubernaut/pkg/aianalysis/client/generated/oas_json_gen.go:903.41,904.41 1 0
github.com/jordigilh/kubernaut/pkg/aianalysis/client/generated/oas_json_gen.go:905.38,906.38 1 0
github.com/jordigilh/kubernaut/pkg/aianalysis/client/generated/oas_json_gen.go:907.50,908.50 1 0
github.com/jordigilh/kubernaut/pkg/aianalysis/client/generated/oas_json_gen.go:909.44,910.44 1 0
github.com/jordigilh/kubernaut/pkg/aianalysis/client/generated/oas_json_gen.go:911.38,912.38 1 0
github.com/jordigilh/kubernaut/pkg/aianalysis/client/generated/oas_json_gen.go:913.40,914.40 1 0
github.com/jordigilh/kubernaut/pkg/aianalysis/client/generated/oas_json_gen.go:915.50,916.50 1 0
github.com/jordigilh/kubernaut/pkg/aianalysis/client/generated/oas_json_gen.go:917.10,918.28 1 0
github.com/jordigilh/kubernaut/pkg/aianalysis/client/generated/oas_json_gen.go:921.2,921.12 1 0
github.com/jordigilh/kubernaut/pkg/aianalysis/client/generated/oas_json_gen.go:925.58,929.2 3 0
github.com/jordigilh/kubernaut/pkg/aianalysis/client/generated/oas_json_gen.go:932.62,935.2 2 0
github.com/jordigilh/kubernaut/pkg/aianalysis/client/generated/oas_json_gen.go:938.49,942.2 3 0
github.com/jordigilh/kubernaut/pkg/aianalysis/client/generated/oas_json_gen.go:945.55,946.2 1 0
github.com/jordigilh/kubernaut/pkg/aianalysis/client/generated/oas_json_gen.go:946.2,949.3 2 0
github.com/jordigilh/kubernaut/pkg/aianalysis/client/generated/oas_json_gen.go:950.2,953.3 2 0
github.com/jordigilh/kubernaut/pkg/aianalysis/client/generated/oas_json_gen.go:954.2,957.3 2 0
github.com/jordigilh/kubernaut/pkg/aianalysis/client/generated/oas_json_gen.go:958.2,961.3 2 0
github.com/jordigilh/kubernaut/pkg/aianalysis/client/generated/oas_json_gen.go:962.2,965.3 2 0
github.com/jordigilh/kubernaut/pkg/aianalysis/client/generated/oas_json_gen.go:966.2,969.3 2 0
github.com/jordigilh/kubernaut/pkg/aianalysis/client/generated/oas_json_gen.go:970.2,973.3 2 0
github.com/jordigilh/kubernaut/pkg/aianalysis/client/generated/oas_json_gen.go:974.2,977.3 2 0
github.com/jordigilh/kubernaut/pkg/aianalysis/client/generated/oas_json_gen.go:978.2,981.3 2 0
github.com/jordigilh/kubernaut/pkg/aianalysis/client/generated/oas_json_gen.go:982.2,983.24 1 0
github.com/jordigilh/kubernaut/pkg/aianalysis/client/generated/oas_json_gen.go:983.24,986.4 2 0
github.com/jordigilh/kubernaut/pkg/aianalysis/client/generated/oas_json_gen.go:988.2,991.3 2 0
github.com/jordigilh/kubernaut/pkg/aianalysis/client/generated/oas_json_gen.go:992.2,995.3 2 0
github.com/jordigilh/kubernaut/pkg/aianalysis/client/generated/oas_json_gen.go:996.2,999.3 2 0
github.com/jordigilh/kubernaut/pkg/aianalysis/client/generated/oas_json_gen.go:1000.2,1003.3 2 0
github.com/jordigilh/kubernaut/pkg/aianalysis/client/generated/oas_json_gen.go:1004.2,1007.3 2 0
github.com/jordigilh/kubernaut/pkg/aianalysis/client/generated/oas_json_gen.go:1008.2,1009.24 1 0
github.com/jordigilh/kubernaut/pkg/aianalysis/client/generated/oas_json_gen.go:1009.24,1012.4 2 0
github.com/jordigilh/kubernaut/pkg/aianalysis/client/generated/oas_json_gen.go:1014.2,1015.28 1 0
github.com/jordigilh/kubernaut/pkg/aianalysis/client/generated/oas_json_gen.go:1015.28,1018.4 2 0
github.com/jordigilh/kubernaut/pkg/aianalysis/client/generated/oas_json_gen.go:1020.2,1021.39 1 0
github.com/jordigilh/kubernaut/pkg/aianalysis/client/generated/oas_json_gen.go:1021.39,1024.4 2 0
github.com/jordigilh/kubernaut/pkg/aianalysis/client/generated/oas_json_gen.go:1026.2,1027.20 1 0
github.com/jordigilh/kubernaut/pkg/aianalysis/client/generated/oas_json_gen.go:1027.20,1030.4 2 0
github.com/jordigilh/kubernaut/pkg/aianalysis/client/generated/oas_json_gen.go:1032.2,1033.29 1 0
github.com/jordigilh/kubernaut/pkg/aianalysis/client/generated/oas_json_gen.go:1033.29,1036.4 2 0
github.com/jordigilh/kubernaut/pkg/aianalysis/client/generated/oas_json_gen.go:1038.2,1039.31 1 0
github.com/jordigilh/kubernaut/pkg/aianalysis/client/generated/oas_json_gen.go:1039.31,1042.4 2 0
github.com/jordigilh/kubernaut/pkg/aianalysis/client/generated/oas_json_gen.go:1044.2,1045.22 1 0
github.com/jordigilh/kubernaut/pkg/aianalysis/client/generated/oas_json_gen.go:1045.22,1048.4 2 0
github.com/jordigilh/kubernaut/pkg/aianalysis/client/generated/oas_json_gen.go:1050.2,1051.30 1 0
github.com/jordigilh/kubernaut/pkg/aianalysis/client/generated/oas_json_gen.go:1051.30,1054.4 2 0
github.com/jordigilh/kubernaut/pkg/aianalysis/client/generated/oas_json_gen.go:1056.2,1057.23 1 0
github.com/jordigilh/kubernaut/pkg/aianalysis/client/generated/oas_json_gen.go:1057.23,1060.4 2 0
github.com/jordigilh/kubernaut/pkg/aianalysis/client/generated/oas_json_gen.go:1062.2,1063.25 1 0
github.com/jordigilh/kubernaut/pkg/aianalysis/client/generated/oas_json_gen.go:1063.25,1066.4 2 0
github.com/jordigilh/kubernaut/pkg/aianalysis/client/generated/oas_json_gen.go:1068.2,1069.22 1 0
github.com/jordigilh/kubernaut/pkg/aianalysis/client/generated/oas_json_gen.go:1069.22,1072.4 2 0
github.com/jordigilh/kubernaut/pkg/aianalysis/client/generated/oas_json_gen.go:1074.2,1075.21 1 0
github.com/jordigilh/kubernaut/pkg/aianalysis/client/generated/oas_json_gen.go:1075.21,1078.4 2 0
github.com/jordigilh/kubernaut/pkg/aianalysis/client/generated/oas_json_gen.go:1080.2,1081.25 1 0
github.com/jordigilh/kubernaut/pkg/aianalysis/client/generated/oas_json_gen.go:1081.25,1084.4 2 0
github.com/jordigilh/kubernaut/pkg/aianalysis/client/generated/oas_json_gen.go:1086.2,1087.30 1 0
github.com/jordigilh/kubernaut/pkg/aianalysis/client/generated/oas_json_gen.go:1087.30,1090.4 2 0
github.com/jordigilh/kubernaut/pkg/aianalysis/client/generated/oas_json_gen.go:1127.55,1128.14 1 0
github.com/jordigilh/kubernaut/pkg/aianalysis/client/generated/oas_json_gen.go:1128.14,1130.3 1 0
github.com/jordigilh/kubernaut/pkg/aianalysis/client/generated/oas_json_gen.go:1131.2,1134.59 3 0
github.com/jordigilh/kubernaut/pkg/aianalysis/client/generated/oas_json_gen.go:1134.59,1135.20 1 0
github.com/jordigilh/kubernaut/pkg/aianalysis/client/generated/oas_json_gen.go:1136.22,1138.27 2 0
github.com/jordigilh/kubernaut/pkg/aianalysis/client/generated/oas_json_gen.go:1138.27,1141.19 3 0
github.com/jordigilh/kubernaut/pkg/aianalysis/client/generated/oas_json_gen.go:1141.19,1143.6 1 0
github.com/jordigilh/kubernaut/pkg/aianalysis/client/generated/oas_json_gen.go:1144.5,1144.15 1 0
github.com/jordigilh/kubernaut/pkg/aianalysis/client/generated/oas_json_gen.go:1145.20,1147.5 1 0
github.com/jordigilh/kubernaut/pkg/aianalysis/client/generated/oas_json_gen.go:1148.25,1150.27 2 0
github.com/jordigilh/kubernaut/pkg/aianalysis/client/generated/oas_json_gen.go:1150.27,1153.19 3 0
github.com/jordigilh/kubernaut/pkg/aianalysis/client/generated/oas_json_gen.go:1153.19,1155.6 1 0
github.com/jordigilh/kubernaut/pkg/aianalysis/client/generated/oas_json_gen.go:1156.5,1156.15 1 0
github.com/jordigilh/kubernaut/pkg/aianalysis/client/generated/oas_json_gen.go:1157.20,1159.5 1 0
github.com/jordigilh/kubernaut/pkg/aianalysis/client/generated/oas_json_gen.go:1160.22,1162.27 2 0
github.com/jordigilh/kubernaut/pkg/aianalysis/client/generated/oas_json_gen.go:1162.27,1165.19 3 0
github.com/jordigilh/kubernaut/pkg/aianalysis/client/generated/oas_json_gen.go:1165.19,1167.6 1 0
github.com/jordigilh/kubernaut/pkg/aianalysis/client/generated/oas_json_gen.go:1168.5,1168.15 1 0
github.com/jordigilh/kubernaut/pkg/aianalysis/client/generated/oas_json_gen.go:1169.20,1171.5 1 0
github.com/jordigilh/kubernaut/pkg/aianalysis/client/generated/oas_json_gen.go:1172.19,1174.27 2 0
github.com/jordigilh/kubernaut/pkg/aianalysis/client/generated/oas_json_gen.go:1174.27,1177.19 3 0
github.com/jordigilh/kubernaut/pkg/aianalysis/client/generated/oas_json_gen.go:1177.19,1179.6 1 0
github.com/jordigilh/kubernaut/pkg/aianalysis/client/generated/oas_json_gen.go:1180.5,1180.15 1 0
github.com/jordigilh/kubernaut/pkg/aianalysis/client/generated/oas_json_gen.go:1181.20,1183.5 1 0
github.com/jordigilh/kubernaut/pkg/aianalysis/client/generated/oas_json_gen.go:1184.24,1186.27 2 0
github.com/jordigilh/kubernaut/pkg/aianalysis/client/generated/oas_json_gen.go:1186.27,1189.19 3 0
github.com/jordigilh/kubernaut/pkg/aianalysis/client/generated/oas_json_gen.go:1189.19,1191.6 1 0
github.com/jordigilh/kubernaut/pkg/aianalysis/client/generated/oas_json_gen.go:1192.5,1192.15 1 0
github.com/jordigilh/kubernaut/pkg/aianalysis/client/generated/oas_json_gen.go:1193.20,1195.5 1 0
github.com/jordigilh/kubernaut/pkg/aianalysis/client/generated/oas_json_gen.go:1196.29,1198.27 2 0
github.com/jordigilh/kubernaut/pkg/aianalysis/client/generated/oas_json_gen.go:1198.27,1201.19 3 0
github.com/jordigilh/kubernaut/pkg/aianalysis/client/generated/oas_json_gen.go:1201.19,1203.6 1 0
github.com/jordigilh/kubernaut/pkg/aianalysis/client/generated/oas_json_gen.go:1204.5,1204.15 1 0
github.com/jordigilh/kubernaut/pkg/aianalysis/client/generated/oas_json_gen.go:1205.20,1207.5 1 0
github.com/jordigilh/kubernaut/pkg/aianalysis/client/generated/oas_json_gen.go:1208.24,1210.27 2 0
github.com/jordigilh/kubernaut/pkg/aianalysis/client/generated/oas_json_gen.go:1210.27,1213.19 3 0
github.com/jordigilh/kubernaut/pkg/aianalysis/client/generated/oas_json_gen.go:1213.19,1215.6 1 0
github.com/jordigilh/kubernaut/pkg/aianalysis/client/generated/oas_json_gen.go:1216.5,1216.15 1 0
github.com/jordigilh/kubernaut/pkg/aianalysis/client/generated/oas_json_gen.go:1217.20,1219.5 1 0
github.com/jordigilh/kubernaut/pkg/aianalysis/client/generated/oas_json_gen.go:1220.24,1222.27 2 0
github.com/jordigilh/kubernaut/pkg/aianalysis/client/generated/oas_json_gen.go:1222.27,1225.19 3 0
github.com/jordigilh/kubernaut/pkg/aianalysis/client/generated/oas_json_gen.go:1225.19,1227.6 1 0
github.com/jordigilh/kubernaut/pkg/aianalysis/client/generated/oas_json_gen.go:1228.5,1228.15 1 0
github.com/jordigilh/kubernaut/pkg/aianalysis/client/generated/oas_json_gen.go:1229.20,1231.5 1 0
github.com/jordigilh/kubernaut/pkg/aianalysis/client/generated/oas_json_gen.go:1232.24,1234.27 2 0
github.com/jordigilh/kubernaut/pkg/aianalysis/client/generated/oas_json_gen.go:1234.27,1237.19 3 0
github.com/jordigilh/kubernaut/pkg/aianalysis/client/generated/oas_json_gen.go:1237.19,1239.6 1 0
github.com/jordigilh/kubernaut/pkg/aianalysis/client/generated/oas_json_gen.go:1240.5,1240.15 1 0
github.com/jordigilh/kubernaut/pkg/aianalysis/client/generated/oas_json_gen.go:1241.20,1243.5 1 0
github.com/jordigilh/kubernaut/pkg/aianalysis/client/generated/oas_json_gen.go:1244.22,1245.27 1 0
github.com/jordigilh/kubernaut/pkg/aianalysis/client/generated/oas_json_gen.go:1245.27,1247.51 2 0
github.com/jordigilh/kubernaut/pkg/aianalysis/client/generated/oas_json_gen.go:1247.51,1249.6 1 0
github.com/jordigilh/kubernaut/pkg/aianalysis/client/generated/oas_json_gen.go:1250.5,1250.15 1 0
github.com/jordigilh/kubernaut/pkg/aianalysis/client/generated/oas_json_gen.go:1251.20,1253.5 1 0
github.com/jordigilh/kubernaut/pkg/aianalysis/client/generated/oas_json_gen.go:1254.22,1256.27 2 0
github.com/jordigilh/kubernaut/pkg/aianalysis/client/generated/oas_json_gen.go:1256.27,1259.19 3 0
github.com/jordigilh/kubernaut/pkg/aianalysis/client/generated/oas_json_gen.go:1259.19,1261.6 1 0
github.com/jordigilh/kubernaut/pkg/aianalysis/client/generated/oas_json_gen.go:1262.5,1262.15 1 0
github.com/jordigilh/kubernaut/pkg/aianalysis/client/generated/oas_json_gen.go:1263.20,1265.5 1 0
github.com/jordigilh/kubernaut/pkg/aianalysis/client/generated/oas_json_gen.go:1266.19,1268.27 2 0
github.com/jordigilh/kubernaut/pkg/aianalysis/client/generated/oas_json_gen.go:1268.27,1271.19 3 0
github.com/jordigilh/kubernaut/pkg/aianalysis/client/generated/oas_json_gen.go:1271.19,1273.6 1 0
github.com/jordigilh/kubernaut/pkg/aianalysis/client/generated/oas_json_gen.go:1274.5,1274.15 1 0
github.com/jordigilh/kubernaut/pkg/aianalysis/client/generated/oas_json_gen.go:1275.20,1277.5 1 0
github.com/jordigilh/kubernaut/pkg/aianalysis/client/generated/oas_json_gen.go:1278.25,1280.27 2 0
github.com/jordigilh/kubernaut/pkg/aianalysis/client/generated/oas_json_gen.go:1280.27,1283.19 3 0
github.com/jordigilh/kubernaut/pkg/aianalysis/client/generated/oas_json_gen.go:1283.19,1285.6 1 0
github.com/jordigilh/kubernaut/pkg/aianalysis/client/generated/oas_json_gen.go:1286.5,1286.15 1 0
github.com/jordigilh/kubernaut/pkg/aianalysis/client/generated/oas_json_gen.go:1287.20,1289.5 1 0
github.com/jordigilh/kubernaut/pkg/aianalysis/client/generated/oas_json_gen.go:1290.28,1292.27 2 0
github.com/jordigilh/kubernaut/pkg/aianalysis/client/generated/oas_json_gen.go:1292.27,1295.19 3 0
github.com/jordigilh/kubernaut/pkg/aianalysis/client/generated/oas_json_gen.go:1295.19,1297.6 1 0
github.com/jordigilh/kubernaut/pkg/aianalysis/client/generated/oas_json_gen.go:1298.5,1298.15 1 0
github.com/jordigilh/kubernaut/pkg/aianalysis/client/generated/oas_json_gen.go:1299.20,1301.5 1 0
github.com/jordigilh/kubernaut/pkg/aianalysis/client/generated/oas_json_gen.go:1302.23,1304.27 2 0
github.com/jordigilh/kubernaut/pkg/aianalysis/client/generated/oas_json_gen.go:1304.27,1307.19 3 0
github.com/jordigilh/kubernaut/pkg/aianalysis/client/generated/oas_json_gen.go:1307.19,1309.6 1 0
github.com/jordigilh/kubernaut/pkg/aianalysis/client/generated/oas_json_gen.go:1310.5,1310.15 1 0
github.com/jordigilh/kubernaut/pkg/aianalysis/client/generated/oas_json_gen.go:1311.20,1313.5 1 0
github.com/jordigilh/kubernaut/pkg/aianalysis/client/generated/oas_json_gen.go:1314.23,1315.27 1 0
github.com/jordigilh/kubernaut/pkg/aianalysis/client/generated/oas_json_gen.go:1315.27,1317.51 2 0
github.com/jordigilh/kubernaut/pkg/aianalysis/client/generated/oas_json_gen.go:1317.51,1319.6 1 0
github.com/jordigilh/kubernaut/pkg/aianalysis/client/generated/oas_json_gen.go:1320.5,1320.15 1 0
github.com/jordigilh/kubernaut/pkg/aianalysis/client/generated/oas_json_gen.go:1321.20,1323.5 1 0
github.com/jordigilh/kubernaut/pkg/aianalysis/client/generated/oas_json_gen.go:1324.27,1325.27 1 0
github.com/jordigilh/kubernaut/pkg/aianalysis/client/generated/oas_json_gen.go:1325.27,1327.55 2 0
github.com/jordigilh/kubernaut/pkg/aianalysis/client/generated/oas_json_gen.go:1327.55,1329.6 1 0
github.com/jordigilh/kubernaut/pkg/aianalysis/client/generated/oas_json_gen.go:1330.5,1330.15 1 0
github.com/jordigilh/kubernaut/pkg/aianalysis/client/generated/oas_json_gen.go:1331.20,1333.5 1 0
github.com/jordigilh/kubernaut/pkg/aianalysis/client/generated/oas_json_gen.go:1334.39,1335.27 1 0
github.com/jordigilh/kubernaut/pkg/aianalysis/client/generated/oas_json_gen.go:1335.27,1337.66 2 0
github.com/jordigilh/kubernaut/pkg/aianalysis/client/generated/oas_json_gen.go:1337.66,1339.6 1 0
github.com/jordigilh/kubernaut/pkg/aianalysis/client/generated/oas_json_gen.go:1340.5,1340.15 1 0
github.com/jordigilh/kubernaut/pkg/aianalysis/client/generated/oas_json_gen.go:1341.20,1343.5 1 0
github.com/jordigilh/kubernaut/pkg/aianalysis/client/generated/oas_json_gen.go:1344.19,1345.27 1 0
github.com/jordigilh/kubernaut/pkg/aianalysis/client/generated/oas_json_gen.go:1345.27,1347.47 2 0
github.com/jordigilh/kubernaut/pkg/aianalysis/client/generated/oas_json_gen.go:1347.47,1349.6 1 0
github.com/jordigilh/kubernaut/pkg/aianalysis/client/generated/oas_json_gen.go:1350.5,1350.15 1 0
github.com/jordigilh/kubernaut/pkg/aianalysis/client/generated/oas_json_gen.go:1351.20,1353.5 1 0
github.com/jordigilh/kubernaut/pkg/aianalysis/client/generated/oas_json_gen.go:1354.29,1355.27 1 0
github.com/jordigilh/kubernaut/pkg/aianalysis/client/generated/oas_json_gen.go:1355.27,1357.56 2 0
github.com/jordigilh/kubernaut/pkg/aianalysis/client/generated/oas_json_gen.go:1357.56,1359.6 1 0
github.com/jordigilh/kubernaut/pkg/aianalysis/client/generated/oas_json_gen.go:1360.5,1360.15 1 0
github.com/jordigilh/kubernaut/pkg/aianalysis/client/generated/oas_json_gen.go:1361.20,1363.5 1 0
github.com/jordigilh/kubernaut/pkg/aianalysis/client/generated/oas_json_gen.go:1364.31,1365.27 1 0
github.com/jordigilh/kubernaut/pkg/aianalysis/client/generated/oas_json_gen.go:1365.27,1367.58 2 0
github.com/jordigilh/kubernaut/pkg/aianalysis/client/generated/oas_json_gen.go:1367.58,1369.6 1 0
github.com/jordigilh/kubernaut/pkg/aianalysis/client/generated/oas_json_gen.go:1370.5,1370.15 1 0
github.com/jordigilh/kubernaut/pkg/aianalysis/client/generated/oas_json_gen.go:1371.20,1373.5 1 0
github.com/jordigilh/kubernaut/pkg/aianalysis/client/generated/oas_json_gen.go:1374.21,1375.27 1 0
github.com/jordigilh/kubernaut/pkg/aianalysis/client/generated/oas_json_gen.go:1375.27,1377.49 2 0
github.com/jordigilh/kubernaut/pkg/aianalysis/client/generated/oas_json_gen.go:1377.49,1379.6 1 0
github.com/jordigilh/kubernaut/pkg/aianalysis/client/generated/oas_json_gen.go:1380.5,1380.15 1 0
github.com/jordigilh/kubernaut/pkg/aianalysis/client/generated/oas_json_gen.go:1381.20,1383.5 1 0
github.com/jordigilh/kubernaut/pkg/aianalysis/client/generated/oas_json_gen.go:1384.29,1385.27 1 0
github.com/jordigilh/kubernaut/pkg/aianalysis/client/generated/oas_json_gen.go:1385.27,1387.57 2 0
github.com/jordigilh/kubernaut/pkg/aianalysis/client/generated/oas_json_gen.go:1387.57,1389.6 1 0
github.com/jordigilh/kubernaut/pkg/aianalysis/client/generated/oas_json_gen.go:1390.5,1390.15 1 0
github.com/jordigilh/kubernaut/pkg/aianalysis/client/generated/oas_json_gen.go:1391.20,1393.5 1 0
github.com/jordigilh/kubernaut/pkg/aianalysis/client/generated/oas_json_gen.go:1394.22,1395.27 1 0
github.com/jordigilh/kubernaut/pkg/aianalysis/client/generated/oas_json_gen.go:1395.27,1397.50 2 0
github.com/jordigilh/kubernaut/pkg/aianalysis/client/generated/oas_json_gen.go:1397.50,1399.6 1 0
github.com/jordigilh/kubernaut/pkg/aianalysis/client/generated/oas_json_gen.go:1400.5,1400.15 1 0
github.com/jordigilh/kubernaut/pkg/aianalysis/client/generated/oas_json_gen.go:1401.20,1403.5 1 0
github.com/jordigilh/kubernaut/pkg/aianalysis/client/generated/oas_json_gen.go:1404.24,1405.27 1 0
github.com/jordigilh/kubernaut/pkg/aianalysis/client/generated/oas_json_gen.go:1405.27,1407.52 2 0
github.com/jordigilh/kubernaut/pkg/aianalysis/client/generated/oas_json_gen.go:1407.52,1409.6 1 0
github.com/jordigilh/kubernaut/pkg/aianalysis/client/generated/oas_json_gen.go:1410.5,1410.15 1 0
github.com/jordigilh/kubernaut/pkg/aianalysis/client/generated/oas_json_gen.go:1411.20,1413.5 1 0
github.com/jordigilh/kubernaut/pkg/aianalysis/client/generated/oas_json_gen.go:1414.21,1415.27 1 0
github.com/jordigilh/kubernaut/pkg/aianalysis/client/generated/oas_json_gen.go:1415.27,1417.49 2 0
github.com/jordigilh/kubernaut/pkg/aianalysis/client/generated/oas_json_gen.go:1417.49,1419.6 1 0
github.com/jordigilh/kubernaut/pkg/aianalysis/client/generated/oas_json_gen.go:1420.5,1420.15 1 0
github.com/jordigilh/kubernaut/pkg/aianalysis/client/generated/oas_json_gen.go:1421.20,1423.5 1 0
github.com/jordigilh/kubernaut/pkg/aianalysis/client/generated/oas_json_gen.go:1424.20,1425.27 1 0
github.com/jordigilh/kubernaut/pkg/aianalysis/client/generated/oas_json_gen.go:1425.27,1427.48 2 0
github.com/jordigilh/kubernaut/pkg/aianalysis/client/generated/oas_json_gen.go:1427.48,1429.6 1 0
github.com/jordigilh/kubernaut/pkg/aianalysis/client/generated/oas_json_gen.go:1430.5,1430.15 1 0
github.com/jordigilh/kubernaut/pkg/aianalysis/client/generated/oas_json_gen.go:1431.20,1433.5 1 0
github.com/jordigilh/kubernaut/pkg/aianalysis/client/generated/oas_json_gen.go:1434.24,1435.27 1 0
github.com/jordigilh/kubernaut/pkg/aianalysis/client/generated/oas_json_gen.go:1435.27,1437.52 2 0
github.com/jordigilh/kubernaut/pkg/aianalysis/client/generated/oas_json_gen.go:1437.52,1439.6 1 0
github.com/jordigilh/kubernaut/pkg/aianalysis/client/generated/oas_json_gen.go:1440.5,1440.15 1 0
github.com/jordigilh/kubernaut/pkg/aianalysis/client/generated/oas_json_gen.go:1441.20,1443.5 1 0
github.com/jordigilh/kubernaut/pkg/aianalysis/client/generated/oas_json_gen.go:1444.29,1445.27 1 0
github.com/jordigilh/kubernaut/pkg/aianalysis/client/generated/oas_json_gen.go:1445.27,1447.57 2 0
github.com/jordigilh/kubernaut/pkg/aianalysis/client/generated/oas_json_gen.go:1447.57,1449.6 1 0
github.com/jordigilh/kubernaut/pkg/aianalysis/client/generated/oas_json_gen.go:1450.5,1450.15 1 0
github.com/jordigilh/kubernaut/pkg/aianalysis/client/generated/oas_json_gen.go:1451.20,1453.5 1 0
github.com/jordigilh/kubernaut/pkg/aianalysis/client/generated/oas_json_gen.go:1454.11,1455.19 1 0
github.com/jordigilh/kubernaut/pkg/aianalysis/client/generated/oas_json_gen.go:1457.3,1457.13 1 0
github.com/jordigilh/kubernaut/pkg/aianalysis/client/generated/oas_json_gen.go:1458.17,1460.3 1 0
github.com/jordigilh/kubernaut/pkg/aianalysis/client/generated/oas_json_gen.go:1462.2,1468.4 2 0
[...]
github.com/jordigilh/kubernaut/pkg/aianalysis/handlers/investigating.go:95.17,97.4 1 0
github.com/jordigilh/kubernaut/pkg/aianalysis/handlers/investigating.go:98.3,98.27 1 2
github.com/jordigilh/kubernaut/pkg/aianalysis/handlers/investigating.go:98.27,100.4 1 2
github.com/jordigilh/kubernaut/pkg/aianalysis/handlers/investigating.go:102.3,102.17 1 2
github.com/jordigilh/kubernaut/pkg/aianalysis/handlers/investigating.go:102.17,104.4 1 0
github.com/jordigilh/kubernaut/pkg/aianalysis/handlers/investigating.go:107.3,110.26 2 2
github.com/jordigilh/kubernaut/pkg/aianalysis/handlers/investigating.go:110.26,112.20 2 2
github.com/jordigilh/kubernaut/pkg/aianalysis/handlers/investigating.go:112.20,114.113 1 1
github.com/jordigilh/kubernaut/pkg/aianalysis/handlers/investigating.go:114.113,119.6 1 1
github.com/jordigilh/kubernaut/pkg/aianalysis/handlers/investigating.go:120.10,123.5 1 1
github.com/jordigilh/kubernaut/pkg/aianalysis/handlers/investigating.go:127.3,127.26 1 2
github.com/jordigilh/kubernaut/pkg/aianalysis/handlers/investigating.go:127.26,129.4 1 0
github.com/jordigilh/kubernaut/pkg/aianalysis/handlers/investigating.go:131.3,132.17 2 2
github.com/jordigilh/kubernaut/pkg/aianalysis/handlers/investigating.go:132.17,134.4 1 2
github.com/jordigilh/kubernaut/pkg/aianalysis/handlers/investigating.go:135.3,135.21 1 2
github.com/jordigilh/kubernaut/pkg/aianalysis/handlers/investigating.go:136.8,144.17 5 63
github.com/jordigilh/kubernaut/pkg/aianalysis/handlers/investigating.go:144.17,146.4 1 14
github.com/jordigilh/kubernaut/pkg/aianalysis/handlers/investigating.go:147.3,147.27 1 63
github.com/jordigilh/kubernaut/pkg/aianalysis/handlers/investigating.go:147.27,149.4 1 63
github.com/jordigilh/kubernaut/pkg/aianalysis/handlers/investigating.go:151.3,151.17 1 63
github.com/jordigilh/kubernaut/pkg/aianalysis/handlers/investigating.go:151.17,153.4 1 14
github.com/jordigilh/kubernaut/pkg/aianalysis/handlers/investigating.go:156.3,159.26 2 49
github.com/jordigilh/kubernaut/pkg/aianalysis/handlers/investigating.go:159.26,161.4 1 0
github.com/jordigilh/kubernaut/pkg/aianalysis/handlers/investigating.go:163.3,164.17 2 49
github.com/jordigilh/kubernaut/pkg/aianalysis/handlers/investigating.go:164.17,166.4 1 49
github.com/jordigilh/kubernaut/pkg/aianalysis/handlers/investigating.go:167.3,167.21 1 49
github.com/jordigilh/kubernaut/pkg/aianalysis/handlers/investigating.go:183.39,188.2 3 14
github.com/jordigilh/kubernaut/pkg/aianalysis/handlers/investigating.go:193.132,195.27 1 14
github.com/jordigilh/kubernaut/pkg/aianalysis/handlers/investigating.go:195.27,200.55 2 0
github.com/jordigilh/kubernaut/pkg/aianalysis/handlers/investigating.go:200.55,220.4 9 0
github.com/jordigilh/kubernaut/pkg/aianalysis/handlers/investigating.go:222.3,240.57 7 0
github.com/jordigilh/kubernaut/pkg/aianalysis/handlers/investigating.go:244.2,255.27 9 14
github.com/jordigilh/kubernaut/pkg/aianalysis/handlers/investigating.go:269.85,270.33 1 0
github.com/jordigilh/kubernaut/pkg/aianalysis/handlers/investigating.go:270.33,272.3 1 0
github.com/jordigilh/kubernaut/pkg/aianalysis/handlers/investigating.go:273.2,274.9 2 0
github.com/jordigilh/kubernaut/pkg/aianalysis/handlers/investigating.go:274.9,276.3 1 0
github.com/jordigilh/kubernaut/pkg/aianalysis/handlers/investigating.go:277.2,278.16 2 0
github.com/jordigilh/kubernaut/pkg/aianalysis/handlers/investigating.go:278.16,280.3 1 0
github.com/jordigilh/kubernaut/pkg/aianalysis/handlers/investigating.go:281.2,281.14 1 0
github.com/jordigilh/kubernaut/pkg/aianalysis/handlers/investigating.go:285.92,286.33 1 51
github.com/jordigilh/kubernaut/pkg/aianalysis/handlers/investigating.go:286.33,288.3 1 50
github.com/jordigilh/kubernaut/pkg/aianalysis/handlers/investigating.go:289.2,289.66 1 51
github.com/jordigilh/kubernaut/pkg/aianalysis/handlers/investigating.go:293.55,295.22 2 0
github.com/jordigilh/kubernaut/pkg/aianalysis/handlers/investigating.go:295.22,297.3 1 0
github.com/jordigilh/kubernaut/pkg/aianalysis/handlers/investigating.go:299.2,300.15 2 0
github.com/jordigilh/kubernaut/pkg/aianalysis/handlers/investigating.go:323.73,333.42 2 0
github.com/jordigilh/kubernaut/pkg/aianalysis/handlers/investigating.go:333.42,335.3 1 0
github.com/jordigilh/kubernaut/pkg/aianalysis/handlers/investigating.go:336.2,337.27 2 0
github.com/jordigilh/kubernaut/pkg/aianalysis/handlers/request_builder.go:41.42,43.2 1 64
github.com/jordigilh/kubernaut/pkg/aianalysis/handlers/request_builder.go:58.109,85.2 5 63
github.com/jordigilh/kubernaut/pkg/aianalysis/handlers/request_builder.go:101.109,113.45 5 2
github.com/jordigilh/kubernaut/pkg/aianalysis/handlers/request_builder.go:113.45,115.3 1 2
github.com/jordigilh/kubernaut/pkg/aianalysis/handlers/request_builder.go:118.2,131.47 10 2
github.com/jordigilh/kubernaut/pkg/aianalysis/handlers/request_builder.go:131.47,135.3 2 2
github.com/jordigilh/kubernaut/pkg/aianalysis/handlers/request_builder.go:137.2,137.12 1 2
github.com/jordigilh/kubernaut/pkg/aianalysis/handlers/request_builder.go:145.114,174.34 4 2
github.com/jordigilh/kubernaut/pkg/aianalysis/handlers/request_builder.go:174.34,176.3 1 0
github.com/jordigilh/kubernaut/pkg/aianalysis/handlers/request_builder.go:178.2,184.3 1 2
github.com/jordigilh/kubernaut/pkg/aianalysis/handlers/request_builder.go:188.119,192.38 2 63
github.com/jordigilh/kubernaut/pkg/aianalysis/handlers/request_builder.go:192.38,207.26 9 0
github.com/jordigilh/kubernaut/pkg/aianalysis/handlers/request_builder.go:207.26,209.4 1 0
github.com/jordigilh/kubernaut/pkg/aianalysis/handlers/request_builder.go:210.3,210.27 1 0
github.com/jordigilh/kubernaut/pkg/aianalysis/handlers/request_builder.go:210.27,212.4 1 0
github.com/jordigilh/kubernaut/pkg/aianalysis/handlers/request_builder.go:214.3,214.46 1 0
github.com/jordigilh/kubernaut/pkg/aianalysis/handlers/request_builder.go:218.2,218.38 1 63
github.com/jordigilh/kubernaut/pkg/aianalysis/handlers/request_builder.go:218.38,222.3 2 0
github.com/jordigilh/kubernaut/pkg/aianalysis/handlers/request_builder.go:227.2,227.41 1 63
github.com/jordigilh/kubernaut/pkg/aianalysis/handlers/request_builder.go:227.41,232.3 1 0
github.com/jordigilh/kubernaut/pkg/aianalysis/handlers/request_builder.go:236.2,236.15 1 63
github.com/jordigilh/kubernaut/pkg/aianalysis/handlers/request_builder.go:240.78,241.54 1 193
github.com/jordigilh/kubernaut/pkg/aianalysis/handlers/request_builder.go:241.54,243.3 1 0
github.com/jordigilh/kubernaut/pkg/aianalysis/handlers/request_builder.go:244.2,244.19 1 193
github.com/jordigilh/kubernaut/pkg/aianalysis/handlers/request_builder.go:248.31,250.2 1 0
github.com/jordigilh/kubernaut/pkg/aianalysis/handlers/response_processor.go:51.83,56.2 1 64
github.com/jordigilh/kubernaut/pkg/aianalysis/handlers/response_processor.go:61.164,77.22 5 49
github.com/jordigilh/kubernaut/pkg/aianalysis/handlers/response_processor.go:77.22,79.3 1 27
github.com/jordigilh/kubernaut/pkg/aianalysis/handlers/response_processor.go:82.2,82.52 1 22
github.com/jordigilh/kubernaut/pkg/aianalysis/handlers/response_processor.go:82.52,84.3 1 12
github.com/jordigilh/kubernaut/pkg/aianalysis/handlers/response_processor.go:87.2,91.33 3 10
github.com/jordigilh/kubernaut/pkg/aianalysis/handlers/response_processor.go:91.33,94.3 2 10
github.com/jordigilh/kubernaut/pkg/aianalysis/handlers/response_processor.go:97.2,97.37 1 10
github.com/jordigilh/kubernaut/pkg/aianalysis/handlers/response_processor.go:97.37,99.20 2 5
github.com/jordigilh/kubernaut/pkg/aianalysis/handlers/response_processor.go:99.20,106.4 2 5
github.com/jordigilh/kubernaut/pkg/aianalysis/handlers/response_processor.go:110.2,110.25 1 10
github.com/jordigilh/kubernaut/pkg/aianalysis/handlers/response_processor.go:110.25,112.19 2 10
github.com/jordigilh/kubernaut/pkg/aianalysis/handlers/response_processor.go:112.19,122.48 2 10
github.com/jordigilh/kubernaut/pkg/aianalysis/handlers/response_processor.go:122.48,123.69 1 0
github.com/jordigilh/kubernaut/pkg/aianalysis/handlers/response_processor.go:123.69,125.6 1 0
github.com/jordigilh/kubernaut/pkg/aianalysis/handlers/response_processor.go:127.4,127.41 1 10
github.com/jordigilh/kubernaut/pkg/aianalysis/handlers/response_processor.go:132.2,132.40 1 10
github.com/jordigilh/kubernaut/pkg/aianalysis/handlers/response_processor.go:132.40,134.49 2 3
github.com/jordigilh/kubernaut/pkg/aianalysis/handlers/response_processor.go:134.49,136.58 2 3
github.com/jordigilh/kubernaut/pkg/aianalysis/handlers/response_processor.go:136.58,138.5 1 3
github.com/jordigilh/kubernaut/pkg/aianalysis/handlers/response_processor.go:139.4,144.6 1 3
github.com/jordigilh/kubernaut/pkg/aianalysis/handlers/response_processor.go:146.3,146.54 1 3
github.com/jordigilh/kubernaut/pkg/aianalysis/handlers/response_processor.go:150.2,156.40 4 10
github.com/jordigilh/kubernaut/pkg/aianalysis/handlers/response_processor.go:161.164,175.22 4 2
github.com/jordigilh/kubernaut/pkg/aianalysis/handlers/response_processor.go:175.22,177.3 1 0
github.com/jordigilh/kubernaut/pkg/aianalysis/handlers/response_processor.go:180.2,180.26 1 2
github.com/jordigilh/kubernaut/pkg/aianalysis/handlers/response_processor.go:180.26,182.3 1 0
github.com/jordigilh/kubernaut/pkg/aianalysis/handlers/response_processor.go:185.2,189.25 3 2
github.com/jordigilh/kubernaut/pkg/aianalysis/handlers/response_processor.go:189.25,191.19 2 2
github.com/jordigilh/kubernaut/pkg/aianalysis/handlers/response_processor.go:191.19,201.48 2 2
github.com/jordigilh/kubernaut/pkg/aianalysis/handlers/response_processor.go:201.48,202.69 1 0
github.com/jordigilh/kubernaut/pkg/aianalysis/handlers/response_processor.go:202.69,204.6 1 0
github.com/jordigilh/kubernaut/pkg/aianalysis/handlers/response_processor.go:206.4,206.41 1 2
github.com/jordigilh/kubernaut/pkg/aianalysis/handlers/response_processor.go:211.2,217.40 4 2
github.com/jordigilh/kubernaut/pkg/aianalysis/handlers/response_processor.go:222.138,223.62 1 2
github.com/jordigilh/kubernaut/pkg/aianalysis/handlers/response_processor.go:223.62,225.3 1 1
github.com/jordigilh/kubernaut/pkg/aianalysis/handlers/response_processor.go:228.2,229.18 2 1
github.com/jordigilh/kubernaut/pkg/aianalysis/handlers/response_processor.go:229.18,231.3 1 0
github.com/jordigilh/kubernaut/pkg/aianalysis/handlers/response_processor.go:234.2,237.88 2 1
github.com/jordigilh/kubernaut/pkg/aianalysis/handlers/response_processor.go:237.88,242.3 1 1
github.com/jordigilh/kubernaut/pkg/aianalysis/handlers/response_processor.go:245.2,245.36 1 1
github.com/jordigilh/kubernaut/pkg/aianalysis/handlers/response_processor.go:245.36,247.3 1 0
github.com/jordigilh/kubernaut/pkg/aianalysis/handlers/response_processor.go:248.2,248.90 1 1
github.com/jordigilh/kubernaut/pkg/aianalysis/handlers/response_processor.go:248.90,250.3 1 1
github.com/jordigilh/kubernaut/pkg/aianalysis/handlers/response_processor.go:252.2,252.13 1 1
github.com/jordigilh/kubernaut/pkg/aianalysis/handlers/response_processor.go:257.184,260.64 3 27
github.com/jordigilh/kubernaut/pkg/aianalysis/handlers/response_processor.go:260.64,262.3 1 15
github.com/jordigilh/kubernaut/pkg/aianalysis/handlers/response_processor.go:264.2,282.36 9 27
github.com/jordigilh/kubernaut/pkg/aianalysis/handlers/response_processor.go:282.36,284.3 1 15
github.com/jordigilh/kubernaut/pkg/aianalysis/handlers/response_processor.go:285.2,288.29 2 27
github.com/jordigilh/kubernaut/pkg/aianalysis/handlers/response_processor.go:288.29,290.3 1 15
github.com/jordigilh/kubernaut/pkg/aianalysis/handlers/response_processor.go:290.8,292.3 1 12
github.com/jordigilh/kubernaut/pkg/aianalysis/handlers/response_processor.go:295.2,296.45 2 27
github.com/jordigilh/kubernaut/pkg/aianalysis/handlers/response_processor.go:296.45,297.61 1 4
github.com/jordigilh/kubernaut/pkg/aianalysis/handlers/response_processor.go:297.61,303.33 2 8
github.com/jordigilh/kubernaut/pkg/aianalysis/handlers/response_processor.go:303.33,305.5 1 8
github.com/jordigilh/kubernaut/pkg/aianalysis/handlers/response_processor.go:307.4,307.85 1 8
github.com/jordigilh/kubernaut/pkg/aianalysis/handlers/response_processor.go:307.85,309.5 1 7
github.com/jordigilh/kubernaut/pkg/aianalysis/handlers/response_processor.go:309.10,312.5 1 1
github.com/jordigilh/kubernaut/pkg/aianalysis/handlers/response_processor.go:313.4,316.34 2 8
github.com/jordigilh/kubernaut/pkg/aianalysis/handlers/response_processor.go:316.34,318.5 1 8
github.com/jordigilh/kubernaut/pkg/aianalysis/handlers/response_processor.go:323.2,323.27 1 27
github.com/jordigilh/kubernaut/pkg/aianalysis/handlers/response_processor.go:323.27,325.29 2 4
github.com/jordigilh/kubernaut/pkg/aianalysis/handlers/response_processor.go:325.29,327.4 1 4
github.com/jordigilh/kubernaut/pkg/aianalysis/handlers/response_processor.go:328.8,330.3 1 23
github.com/jordigilh/kubernaut/pkg/aianalysis/handlers/response_processor.go:331.2,334.25 2 27
github.com/jordigilh/kubernaut/pkg/aianalysis/handlers/response_processor.go:334.25,336.19 2 1
github.com/jordigilh/kubernaut/pkg/aianalysis/handlers/response_processor.go:336.19,343.4 1 1
github.com/jordigilh/kubernaut/pkg/aianalysis/handlers/response_processor.go:347.2,347.37 1 27
github.com/jordigilh/kubernaut/pkg/aianalysis/handlers/response_processor.go:347.37,349.20 2 1
github.com/jordigilh/kubernaut/pkg/aianalysis/handlers/response_processor.go:349.20,355.4 1 1
github.com/jordigilh/kubernaut/pkg/aianalysis/handlers/response_processor.go:358.2,358.27 1 27
github.com/jordigilh/kubernaut/pkg/aianalysis/handlers/response_processor.go:363.184,387.2 13 0
github.com/jordigilh/kubernaut/pkg/aianalysis/handlers/response_processor.go:391.174,404.25 8 12
github.com/jordigilh/kubernaut/pkg/aianalysis/handlers/response_processor.go:404.25,406.3 1 10
github.com/jordigilh/kubernaut/pkg/aianalysis/handlers/response_processor.go:406.8,406.35 1 2
github.com/jordigilh/kubernaut/pkg/aianalysis/handlers/response_processor.go:406.35,408.3 1 1
github.com/jordigilh/kubernaut/pkg/aianalysis/handlers/response_processor.go:408.8,410.3 1 1
github.com/jordigilh/kubernaut/pkg/aianalysis/handlers/response_processor.go:412.2,415.37 2 12
github.com/jordigilh/kubernaut/pkg/aianalysis/handlers/response_processor.go:415.37,417.20 2 1
github.com/jordigilh/kubernaut/pkg/aianalysis/handlers/response_processor.go:417.20,423.4 1 1
github.com/jordigilh/kubernaut/pkg/aianalysis/handlers/response_processor.go:426.2,426.27 1 12
github.com/jordigilh/kubernaut/pkg/aianalysis/handlers/response_processor.go:431.166,453.2 12 0
github.com/jordigilh/kubernaut/pkg/aianalysis/handlers/response_processor.go:458.70,468.42 2 15
github.com/jordigilh/kubernaut/pkg/aianalysis/handlers/response_processor.go:468.42,470.3 1 14
github.com/jordigilh/kubernaut/pkg/aianalysis/handlers/response_processor.go:471.2,472.27 2 1
github.com/jordigilh/kubernaut/pkg/aianalysis/handlers/response_processor.go:478.55,481.9 2 12
github.com/jordigilh/kubernaut/pkg/aianalysis/handlers/response_processor.go:482.101,483.28 1 2
github.com/jordigilh/kubernaut/pkg/aianalysis/handlers/response_processor.go:484.109,485.31 1 2
github.com/jordigilh/kubernaut/pkg/aianalysis/handlers/response_processor.go:486.93,487.25 1 1
github.com/jordigilh/kubernaut/pkg/aianalysis/handlers/response_processor.go:488.114,489.37 1 2
github.com/jordigilh/kubernaut/pkg/aianalysis/handlers/response_processor.go:490.107,491.25 1 2
github.com/jordigilh/kubernaut/pkg/aianalysis/handlers/response_processor.go:492.95,493.27 1 2
github.com/jordigilh/kubernaut/pkg/aianalysis/handlers/response_processor.go:494.10,495.28 1 1
github.com/jordigilh/kubernaut/pkg/aianalysis/metrics/metrics.go:221.28,224.29 1 117
github.com/jordigilh/kubernaut/pkg/aianalysis/metrics/metrics.go:224.29,337.3 13 4
github.com/jordigilh/kubernaut/pkg/aianalysis/metrics/metrics.go:340.2,340.26 1 117
github.com/jordigilh/kubernaut/pkg/aianalysis/metrics/metrics.go:346.70,451.2 14 0
github.com/jordigilh/kubernaut/pkg/aianalysis/metrics/metrics.go:461.62,463.2 1 0
github.com/jordigilh/kubernaut/pkg/aianalysis/metrics/metrics.go:467.82,469.2 1 2
github.com/jordigilh/kubernaut/pkg/aianalysis/metrics/metrics.go:473.71,475.14 2 34
github.com/jordigilh/kubernaut/pkg/aianalysis/metrics/metrics.go:475.14,477.3 1 2
github.com/jordigilh/kubernaut/pkg/aianalysis/metrics/metrics.go:478.2,478.68 1 34
github.com/jordigilh/kubernaut/pkg/aianalysis/metrics/metrics.go:483.72,485.2 1 34
github.com/jordigilh/kubernaut/pkg/aianalysis/metrics/metrics.go:489.80,491.2 1 0
github.com/jordigilh/kubernaut/pkg/aianalysis/metrics/metrics.go:495.59,497.2 1 43
github.com/jordigilh/kubernaut/pkg/aianalysis/metrics/metrics.go:501.76,503.13 2 0
github.com/jordigilh/kubernaut/pkg/aianalysis/metrics/metrics.go:503.13,505.3 1 0
github.com/jordigilh/kubernaut/pkg/aianalysis/metrics/metrics.go:506.2,506.73 1 0
github.com/jordigilh/kubernaut/pkg/aianalysis/metrics/metrics.go:511.65,513.2 1 0
github.com/jordigilh/kubernaut/pkg/aianalysis/metrics/metrics.go:517.87,521.2 3 1
github.com/jordigilh/kubernaut/pkg/aianalysis/metrics/metrics.go:525.49,527.2 1 1
github.com/jordigilh/kubernaut/pkg/aianalysis/metrics/metrics.go:530.34,531.7 1 2
github.com/jordigilh/kubernaut/pkg/aianalysis/metrics/metrics.go:531.7,533.3 1 1
github.com/jordigilh/kubernaut/pkg/aianalysis/metrics/metrics.go:534.2,534.16 1 1
github.com/jordigilh/kubernaut/pkg/aianalysis/rego/evaluator.go:110.62,115.2 1 28
github.com/jordigilh/kubernaut/pkg/aianalysis/rego/evaluator.go:121.94,131.41 4 25
github.com/jordigilh/kubernaut/pkg/aianalysis/rego/evaluator.go:131.41,134.17 2 2
github.com/jordigilh/kubernaut/pkg/aianalysis/rego/evaluator.go:134.17,140.4 1 1
github.com/jordigilh/kubernaut/pkg/aianalysis/rego/evaluator.go:143.3,148.17 2 1
github.com/jordigilh/kubernaut/pkg/aianalysis/rego/evaluator.go:148.17,154.4 1 1
github.com/jordigilh/kubernaut/pkg/aianalysis/rego/evaluator.go:158.2,186.16 3 23
github.com/jordigilh/kubernaut/pkg/aianalysis/rego/evaluator.go:186.16,193.3 1 0
github.com/jordigilh/kubernaut/pkg/aianalysis/rego/evaluator.go:196.2,196.59 1 23
github.com/jordigilh/kubernaut/pkg/aianalysis/rego/evaluator.go:196.59,203.3 1 0
github.com/jordigilh/kubernaut/pkg/aianalysis/rego/evaluator.go:206.2,207.9 2 23
github.com/jordigilh/kubernaut/pkg/aianalysis/rego/evaluator.go:207.9,214.3 1 0
github.com/jordigilh/kubernaut/pkg/aianalysis/rego/evaluator.go:217.2,221.20 3 23
github.com/jordigilh/kubernaut/pkg/aianalysis/rego/evaluator.go:221.20,223.3 1 0
github.com/jordigilh/kubernaut/pkg/aianalysis/rego/evaluator.go:224.2,224.18 1 23
github.com/jordigilh/kubernaut/pkg/aianalysis/rego/evaluator.go:224.18,225.23 1 0
github.com/jordigilh/kubernaut/pkg/aianalysis/rego/evaluator.go:225.23,227.4 1 0
github.com/jordigilh/kubernaut/pkg/aianalysis/rego/evaluator.go:227.9,229.4 1 0
github.com/jordigilh/kubernaut/pkg/aianalysis/rego/evaluator.go:232.2,236.8 1 23
github.com/jordigilh/kubernaut/pkg/aianalysis/rego/evaluator.go:248.63,252.30 2 26
github.com/jordigilh/kubernaut/pkg/aianalysis/rego/evaluator.go:252.30,255.48 1 28
github.com/jordigilh/kubernaut/pkg/aianalysis/rego/evaluator.go:255.48,257.5 1 4
github.com/jordigilh/kubernaut/pkg/aianalysis/rego/evaluator.go:259.4,261.14 2 24
github.com/jordigilh/kubernaut/pkg/aianalysis/rego/evaluator.go:265.2,265.16 1 26
github.com/jordigilh/kubernaut/pkg/aianalysis/rego/evaluator.go:265.16,267.3 1 0
github.com/jordigilh/kubernaut/pkg/aianalysis/rego/evaluator.go:271.2,271.33 1 26
github.com/jordigilh/kubernaut/pkg/aianalysis/rego/evaluator.go:276.60,283.16 2 28
github.com/jordigilh/kubernaut/pkg/aianalysis/rego/evaluator.go:283.16,285.3 1 4
github.com/jordigilh/kubernaut/pkg/aianalysis/rego/evaluator.go:288.2,293.12 5 24
github.com/jordigilh/kubernaut/pkg/aianalysis/rego/evaluator.go:298.28,299.26 1 2
github.com/jordigilh/kubernaut/pkg/aianalysis/rego/evaluator.go:299.26,301.3 1 2
github.com/jordigilh/kubernaut/pkg/aianalysis/rego/evaluator.go:306.44,307.26 1 31
github.com/jordigilh/kubernaut/pkg/aianalysis/rego/evaluator.go:307.26,309.3 1 31
github.com/jordigilh/kubernaut/pkg/aianalysis/rego/evaluator.go:310.2,310.11 1 0
