mode: set
github.com/jordigilh/kubernaut/pkg/aianalysis/handler.go:122.41,123.18 1 1
github.com/jordigilh/kubernaut/pkg/aianalysis/handler.go:123.18,125.3 1 1
github.com/jordigilh/kubernaut/pkg/aianalysis/handler.go:126.2,126.18 1 1
github.com/jordigilh/kubernaut/pkg/aianalysis/handler.go:129.41,131.2 1 1
github.com/jordigilh/kubernaut/pkg/aianalysis/handler.go:141.41,142.18 1 1
github.com/jordigilh/kubernaut/pkg/aianalysis/handler.go:142.18,144.3 1 1
github.com/jordigilh/kubernaut/pkg/aianalysis/handler.go:145.2,145.18 1 1
github.com/jordigilh/kubernaut/pkg/aianalysis/handler.go:148.41,150.2 1 1
github.com/jordigilh/kubernaut/pkg/aianalysis/handler.go:159.42,161.2 1 1
github.com/jordigilh/kubernaut/pkg/aianalysis/handler.go:168.67,173.2 1 1
github.com/jordigilh/kubernaut/pkg/aianalysis/handler.go:176.75,182.2 1 1
github.com/jordigilh/kubernaut/pkg/aianalysis/handler.go:185.65,190.2 1 1
github.com/jordigilh/kubernaut/pkg/aianalysis/audit/audit.go:49.75,54.2 1 1
github.com/jordigilh/kubernaut/pkg/aianalysis/audit/audit.go:58.102,67.45 2 1
github.com/jordigilh/kubernaut/pkg/aianalysis/audit/audit.go:67.45,70.3 2 1
github.com/jordigilh/kubernaut/pkg/aianalysis/audit/audit.go:71.2,71.47 1 1
github.com/jordigilh/kubernaut/pkg/aianalysis/audit/audit.go:71.47,73.3 1 0
github.com/jordigilh/kubernaut/pkg/aianalysis/audit/audit.go:75.2,75.34 1 1
github.com/jordigilh/kubernaut/pkg/aianalysis/audit/audit.go:75.34,77.3 1 1
github.com/jordigilh/kubernaut/pkg/aianalysis/audit/audit.go:78.2,78.37 1 1
github.com/jordigilh/kubernaut/pkg/aianalysis/audit/audit.go:78.37,80.3 1 1
github.com/jordigilh/kubernaut/pkg/aianalysis/audit/audit.go:82.2,83.16 2 1
github.com/jordigilh/kubernaut/pkg/aianalysis/audit/audit.go:83.16,86.3 2 0
github.com/jordigilh/kubernaut/pkg/aianalysis/audit/audit.go:88.2,92.39 3 1
github.com/jordigilh/kubernaut/pkg/aianalysis/audit/audit.go:92.39,94.3 1 1
github.com/jordigilh/kubernaut/pkg/aianalysis/audit/audit.go:97.2,111.55 13 1
github.com/jordigilh/kubernaut/pkg/aianalysis/audit/audit.go:111.55,117.3 1 1
github.com/jordigilh/kubernaut/pkg/aianalysis/audit/audit.go:121.118,127.16 3 1
github.com/jordigilh/kubernaut/pkg/aianalysis/audit/audit.go:127.16,130.3 2 0
github.com/jordigilh/kubernaut/pkg/aianalysis/audit/audit.go:132.2,147.55 14 1
github.com/jordigilh/kubernaut/pkg/aianalysis/audit/audit.go:147.55,149.3 1 0
github.com/jordigilh/kubernaut/pkg/aianalysis/audit/audit.go:153.116,159.23 3 1
github.com/jordigilh/kubernaut/pkg/aianalysis/audit/audit.go:159.23,162.3 2 0
github.com/jordigilh/kubernaut/pkg/aianalysis/audit/audit.go:164.2,181.65 16 1
github.com/jordigilh/kubernaut/pkg/aianalysis/audit/audit.go:181.65,183.3 1 0
github.com/jordigilh/kubernaut/pkg/aianalysis/audit/audit.go:187.148,194.16 3 1
github.com/jordigilh/kubernaut/pkg/aianalysis/audit/audit.go:194.16,197.3 2 0
github.com/jordigilh/kubernaut/pkg/aianalysis/audit/audit.go:199.2,201.23 3 1
github.com/jordigilh/kubernaut/pkg/aianalysis/audit/audit.go:201.23,203.3 1 1
github.com/jordigilh/kubernaut/pkg/aianalysis/audit/audit.go:205.2,219.55 14 1
github.com/jordigilh/kubernaut/pkg/aianalysis/audit/audit.go:219.55,221.3 1 0
github.com/jordigilh/kubernaut/pkg/aianalysis/audit/audit.go:225.134,231.45 2 1
github.com/jordigilh/kubernaut/pkg/aianalysis/audit/audit.go:231.45,234.3 2 1
github.com/jordigilh/kubernaut/pkg/aianalysis/audit/audit.go:236.2,237.16 2 1
github.com/jordigilh/kubernaut/pkg/aianalysis/audit/audit.go:237.16,240.3 2 0
github.com/jordigilh/kubernaut/pkg/aianalysis/audit/audit.go:242.2,257.55 14 1
github.com/jordigilh/kubernaut/pkg/aianalysis/audit/audit.go:257.55,259.3 1 0
github.com/jordigilh/kubernaut/pkg/aianalysis/audit/audit.go:263.147,270.16 3 1
github.com/jordigilh/kubernaut/pkg/aianalysis/audit/audit.go:270.16,273.3 2 0
github.com/jordigilh/kubernaut/pkg/aianalysis/audit/audit.go:275.2,291.55 15 1
github.com/jordigilh/kubernaut/pkg/aianalysis/audit/audit.go:291.55,293.3 1 0
github.com/jordigilh/kubernaut/pkg/aianalysis/client/holmesgpt.go:43.54,45.18 2 1
github.com/jordigilh/kubernaut/pkg/aianalysis/client/holmesgpt.go:45.18,47.3 1 1
github.com/jordigilh/kubernaut/pkg/aianalysis/client/holmesgpt.go:49.2,54.3 1 1
github.com/jordigilh/kubernaut/pkg/aianalysis/client/holmesgpt.go:170.109,172.16 2 1
github.com/jordigilh/kubernaut/pkg/aianalysis/client/holmesgpt.go:172.16,174.3 1 0
github.com/jordigilh/kubernaut/pkg/aianalysis/client/holmesgpt.go:176.2,178.16 2 1
github.com/jordigilh/kubernaut/pkg/aianalysis/client/holmesgpt.go:178.16,180.3 1 0
github.com/jordigilh/kubernaut/pkg/aianalysis/client/holmesgpt.go:182.2,185.16 3 1
github.com/jordigilh/kubernaut/pkg/aianalysis/client/holmesgpt.go:185.16,187.3 1 0
github.com/jordigilh/kubernaut/pkg/aianalysis/client/holmesgpt.go:188.2,190.38 2 1
github.com/jordigilh/kubernaut/pkg/aianalysis/client/holmesgpt.go:190.38,195.3 1 1
github.com/jordigilh/kubernaut/pkg/aianalysis/client/holmesgpt.go:197.2,198.67 2 1
github.com/jordigilh/kubernaut/pkg/aianalysis/client/holmesgpt.go:198.67,200.3 1 0
github.com/jordigilh/kubernaut/pkg/aianalysis/client/holmesgpt.go:202.2,202.21 1 1
github.com/jordigilh/kubernaut/pkg/aianalysis/client/holmesgpt.go:212.35,214.2 1 1
github.com/jordigilh/kubernaut/pkg/aianalysis/client/holmesgpt.go:219.39,220.22 1 1
github.com/jordigilh/kubernaut/pkg/aianalysis/client/holmesgpt.go:224.29,225.14 1 1
github.com/jordigilh/kubernaut/pkg/aianalysis/client/holmesgpt.go:226.10,227.15 1 1
github.com/jordigilh/kubernaut/pkg/aianalysis/handlers/analyzing.go:50.95,55.2 1 1
github.com/jordigilh/kubernaut/pkg/aianalysis/handlers/analyzing.go:58.42,60.2 1 1
github.com/jordigilh/kubernaut/pkg/aianalysis/handlers/analyzing.go:69.112,73.45 2 1
github.com/jordigilh/kubernaut/pkg/aianalysis/handlers/analyzing.go:73.45,79.3 5 1
github.com/jordigilh/kubernaut/pkg/aianalysis/handlers/analyzing.go:82.2,86.16 3 1
github.com/jordigilh/kubernaut/pkg/aianalysis/handlers/analyzing.go:86.16,94.3 5 0
github.com/jordigilh/kubernaut/pkg/aianalysis/handlers/analyzing.go:97.2,108.29 5 1
github.com/jordigilh/kubernaut/pkg/aianalysis/handlers/analyzing.go:108.29,110.3 1 1
github.com/jordigilh/kubernaut/pkg/aianalysis/handlers/analyzing.go:113.2,123.27 6 1
github.com/jordigilh/kubernaut/pkg/aianalysis/handlers/analyzing.go:128.114,129.44 1 1
github.com/jordigilh/kubernaut/pkg/aianalysis/handlers/analyzing.go:129.44,131.3 1 1
github.com/jordigilh/kubernaut/pkg/aianalysis/handlers/analyzing.go:133.2,138.45 4 1
github.com/jordigilh/kubernaut/pkg/aianalysis/handlers/analyzing.go:138.45,142.10 2 1
github.com/jordigilh/kubernaut/pkg/aianalysis/handlers/analyzing.go:143.35,144.32 1 1
github.com/jordigilh/kubernaut/pkg/aianalysis/handlers/analyzing.go:145.35,146.34 1 1
github.com/jordigilh/kubernaut/pkg/aianalysis/handlers/analyzing.go:147.11,148.31 1 1
github.com/jordigilh/kubernaut/pkg/aianalysis/handlers/analyzing.go:152.3,157.4 1 1
github.com/jordigilh/kubernaut/pkg/aianalysis/handlers/analyzing.go:161.2,161.46 1 1
github.com/jordigilh/kubernaut/pkg/aianalysis/handlers/analyzing.go:161.46,165.69 2 1
github.com/jordigilh/kubernaut/pkg/aianalysis/handlers/analyzing.go:165.69,167.4 1 1
github.com/jordigilh/kubernaut/pkg/aianalysis/handlers/analyzing.go:171.2,171.51 1 1
github.com/jordigilh/kubernaut/pkg/aianalysis/handlers/analyzing.go:171.51,173.60 2 1
github.com/jordigilh/kubernaut/pkg/aianalysis/handlers/analyzing.go:173.60,178.4 1 1
github.com/jordigilh/kubernaut/pkg/aianalysis/handlers/analyzing.go:182.2,186.21 2 1
github.com/jordigilh/kubernaut/pkg/aianalysis/handlers/analyzing.go:186.21,188.3 1 1
github.com/jordigilh/kubernaut/pkg/aianalysis/handlers/analyzing.go:194.98,218.45 2 1
github.com/jordigilh/kubernaut/pkg/aianalysis/handlers/analyzing.go:218.45,220.3 1 1
github.com/jordigilh/kubernaut/pkg/aianalysis/handlers/analyzing.go:223.2,223.47 1 1
github.com/jordigilh/kubernaut/pkg/aianalysis/handlers/analyzing.go:223.47,225.3 1 1
github.com/jordigilh/kubernaut/pkg/aianalysis/handlers/analyzing.go:230.2,233.89 2 1
github.com/jordigilh/kubernaut/pkg/aianalysis/handlers/analyzing.go:233.89,235.3 1 1
github.com/jordigilh/kubernaut/pkg/aianalysis/handlers/analyzing.go:238.2,238.87 1 1
github.com/jordigilh/kubernaut/pkg/aianalysis/handlers/analyzing.go:238.87,240.3 1 1
github.com/jordigilh/kubernaut/pkg/aianalysis/handlers/analyzing.go:240.8,242.3 1 1
github.com/jordigilh/kubernaut/pkg/aianalysis/handlers/analyzing.go:244.2,244.14 1 1
github.com/jordigilh/kubernaut/pkg/aianalysis/handlers/analyzing.go:250.109,254.15 3 1
github.com/jordigilh/kubernaut/pkg/aianalysis/handlers/analyzing.go:254.15,256.3 1 1
github.com/jordigilh/kubernaut/pkg/aianalysis/handlers/analyzing.go:259.2,274.15 9 1
github.com/jordigilh/kubernaut/pkg/aianalysis/handlers/investigating.go:66.104,71.2 1 1
github.com/jordigilh/kubernaut/pkg/aianalysis/handlers/investigating.go:75.116,83.16 4 1
github.com/jordigilh/kubernaut/pkg/aianalysis/handlers/investigating.go:83.16,85.3 1 1
github.com/jordigilh/kubernaut/pkg/aianalysis/handlers/investigating.go:88.2,88.47 1 1
github.com/jordigilh/kubernaut/pkg/aianalysis/handlers/investigating.go:92.104,104.2 2 1
github.com/jordigilh/kubernaut/pkg/aianalysis/handlers/investigating.go:109.132,111.53 2 1
github.com/jordigilh/kubernaut/pkg/aianalysis/handlers/investigating.go:111.53,115.31 2 1
github.com/jordigilh/kubernaut/pkg/aianalysis/handlers/investigating.go:115.31,122.4 5 1
github.com/jordigilh/kubernaut/pkg/aianalysis/handlers/investigating.go:125.3,132.47 4 1
github.com/jordigilh/kubernaut/pkg/aianalysis/handlers/investigating.go:136.2,140.27 5 1
github.com/jordigilh/kubernaut/pkg/aianalysis/handlers/investigating.go:147.156,159.27 2 1
github.com/jordigilh/kubernaut/pkg/aianalysis/handlers/investigating.go:159.27,161.3 1 1
github.com/jordigilh/kubernaut/pkg/aianalysis/handlers/investigating.go:169.2,169.60 1 1
github.com/jordigilh/kubernaut/pkg/aianalysis/handlers/investigating.go:169.60,171.3 1 1
github.com/jordigilh/kubernaut/pkg/aianalysis/handlers/investigating.go:174.2,179.35 4 1
github.com/jordigilh/kubernaut/pkg/aianalysis/handlers/investigating.go:179.35,186.3 2 1
github.com/jordigilh/kubernaut/pkg/aianalysis/handlers/investigating.go:189.2,189.34 1 1
github.com/jordigilh/kubernaut/pkg/aianalysis/handlers/investigating.go:189.34,199.3 1 1
github.com/jordigilh/kubernaut/pkg/aianalysis/handlers/investigating.go:203.2,203.40 1 1
github.com/jordigilh/kubernaut/pkg/aianalysis/handlers/investigating.go:203.40,205.49 2 1
github.com/jordigilh/kubernaut/pkg/aianalysis/handlers/investigating.go:205.49,212.4 1 1
github.com/jordigilh/kubernaut/pkg/aianalysis/handlers/investigating.go:213.3,213.54 1 1
github.com/jordigilh/kubernaut/pkg/aianalysis/handlers/investigating.go:217.2,223.40 4 1
github.com/jordigilh/kubernaut/pkg/aianalysis/handlers/investigating.go:227.85,228.33 1 1
github.com/jordigilh/kubernaut/pkg/aianalysis/handlers/investigating.go:228.33,230.3 1 1
github.com/jordigilh/kubernaut/pkg/aianalysis/handlers/investigating.go:231.2,232.9 2 1
github.com/jordigilh/kubernaut/pkg/aianalysis/handlers/investigating.go:232.9,234.3 1 0
github.com/jordigilh/kubernaut/pkg/aianalysis/handlers/investigating.go:235.2,236.16 2 1
github.com/jordigilh/kubernaut/pkg/aianalysis/handlers/investigating.go:236.16,238.3 1 1
github.com/jordigilh/kubernaut/pkg/aianalysis/handlers/investigating.go:239.2,239.14 1 1
github.com/jordigilh/kubernaut/pkg/aianalysis/handlers/investigating.go:243.92,244.33 1 1
github.com/jordigilh/kubernaut/pkg/aianalysis/handlers/investigating.go:244.33,246.3 1 1
github.com/jordigilh/kubernaut/pkg/aianalysis/handlers/investigating.go:247.2,247.66 1 1
github.com/jordigilh/kubernaut/pkg/aianalysis/handlers/investigating.go:251.55,253.22 2 1
github.com/jordigilh/kubernaut/pkg/aianalysis/handlers/investigating.go:253.22,255.3 1 0
github.com/jordigilh/kubernaut/pkg/aianalysis/handlers/investigating.go:257.2,258.15 2 1
github.com/jordigilh/kubernaut/pkg/aianalysis/handlers/investigating.go:271.172,283.68 4 1
github.com/jordigilh/kubernaut/pkg/aianalysis/handlers/investigating.go:283.68,285.3 1 1
github.com/jordigilh/kubernaut/pkg/aianalysis/handlers/investigating.go:285.8,288.3 1 1
github.com/jordigilh/kubernaut/pkg/aianalysis/handlers/investigating.go:291.2,291.45 1 1
github.com/jordigilh/kubernaut/pkg/aianalysis/handlers/investigating.go:291.45,293.58 2 1
github.com/jordigilh/kubernaut/pkg/aianalysis/handlers/investigating.go:293.58,296.4 1 1
github.com/jordigilh/kubernaut/pkg/aianalysis/handlers/investigating.go:297.3,300.106 2 1
github.com/jordigilh/kubernaut/pkg/aianalysis/handlers/investigating.go:301.8,303.3 1 1
github.com/jordigilh/kubernaut/pkg/aianalysis/handlers/investigating.go:304.2,307.34 2 1
github.com/jordigilh/kubernaut/pkg/aianalysis/handlers/investigating.go:307.34,314.3 1 1
github.com/jordigilh/kubernaut/pkg/aianalysis/handlers/investigating.go:317.2,317.35 1 1
github.com/jordigilh/kubernaut/pkg/aianalysis/handlers/investigating.go:317.35,323.3 1 1
github.com/jordigilh/kubernaut/pkg/aianalysis/handlers/investigating.go:326.2,328.27 2 1
github.com/jordigilh/kubernaut/pkg/aianalysis/handlers/investigating.go:334.162,347.25 5 1
github.com/jordigilh/kubernaut/pkg/aianalysis/handlers/investigating.go:347.25,349.3 1 1
github.com/jordigilh/kubernaut/pkg/aianalysis/handlers/investigating.go:349.8,349.35 1 1
github.com/jordigilh/kubernaut/pkg/aianalysis/handlers/investigating.go:349.35,351.3 1 1
github.com/jordigilh/kubernaut/pkg/aianalysis/handlers/investigating.go:351.8,353.3 1 1
github.com/jordigilh/kubernaut/pkg/aianalysis/handlers/investigating.go:355.2,358.35 2 1
github.com/jordigilh/kubernaut/pkg/aianalysis/handlers/investigating.go:358.35,364.3 1 1
github.com/jordigilh/kubernaut/pkg/aianalysis/handlers/investigating.go:367.2,369.27 2 1
github.com/jordigilh/kubernaut/pkg/aianalysis/handlers/investigating.go:375.73,385.42 2 1
github.com/jordigilh/kubernaut/pkg/aianalysis/handlers/investigating.go:385.42,387.3 1 1
github.com/jordigilh/kubernaut/pkg/aianalysis/handlers/investigating.go:388.2,389.27 2 1
github.com/jordigilh/kubernaut/pkg/aianalysis/handlers/investigating.go:395.55,398.9 2 1
github.com/jordigilh/kubernaut/pkg/aianalysis/handlers/investigating.go:399.101,400.28 1 1
github.com/jordigilh/kubernaut/pkg/aianalysis/handlers/investigating.go:401.109,402.31 1 1
github.com/jordigilh/kubernaut/pkg/aianalysis/handlers/investigating.go:403.93,404.25 1 1
github.com/jordigilh/kubernaut/pkg/aianalysis/handlers/investigating.go:405.114,406.37 1 1
github.com/jordigilh/kubernaut/pkg/aianalysis/handlers/investigating.go:407.107,408.25 1 1
github.com/jordigilh/kubernaut/pkg/aianalysis/handlers/investigating.go:409.95,410.27 1 1
github.com/jordigilh/kubernaut/pkg/aianalysis/handlers/investigating.go:411.10,412.28 1 1
github.com/jordigilh/kubernaut/pkg/aianalysis/handlers/investigating.go:418.128,420.29 2 1
github.com/jordigilh/kubernaut/pkg/aianalysis/handlers/investigating.go:420.29,423.17 2 1
github.com/jordigilh/kubernaut/pkg/aianalysis/handlers/investigating.go:423.17,427.4 2 1
github.com/jordigilh/kubernaut/pkg/aianalysis/handlers/investigating.go:429.3,435.5 1 1
github.com/jordigilh/kubernaut/pkg/aianalysis/handlers/investigating.go:437.2,437.15 1 1
github.com/jordigilh/kubernaut/pkg/aianalysis/metrics/metrics.go:158.13,171.2 1 1
github.com/jordigilh/kubernaut/pkg/aianalysis/metrics/metrics.go:180.49,182.2 1 0
github.com/jordigilh/kubernaut/pkg/aianalysis/metrics/metrics.go:186.69,188.2 1 0
github.com/jordigilh/kubernaut/pkg/aianalysis/metrics/metrics.go:192.58,194.14 2 0
github.com/jordigilh/kubernaut/pkg/aianalysis/metrics/metrics.go:194.14,196.3 1 0
github.com/jordigilh/kubernaut/pkg/aianalysis/metrics/metrics.go:197.2,197.66 1 0
github.com/jordigilh/kubernaut/pkg/aianalysis/metrics/metrics.go:202.59,204.2 1 0
github.com/jordigilh/kubernaut/pkg/aianalysis/metrics/metrics.go:208.67,210.2 1 0
github.com/jordigilh/kubernaut/pkg/aianalysis/metrics/metrics.go:214.46,216.2 1 0
github.com/jordigilh/kubernaut/pkg/aianalysis/metrics/metrics.go:220.63,222.13 2 0
github.com/jordigilh/kubernaut/pkg/aianalysis/metrics/metrics.go:222.13,224.3 1 0
github.com/jordigilh/kubernaut/pkg/aianalysis/metrics/metrics.go:225.2,225.71 1 0
github.com/jordigilh/kubernaut/pkg/aianalysis/metrics/metrics.go:230.52,232.2 1 0
github.com/jordigilh/kubernaut/pkg/aianalysis/rego/evaluator.go:99.42,103.2 1 1
github.com/jordigilh/kubernaut/pkg/aianalysis/rego/evaluator.go:108.94,111.16 2 1
github.com/jordigilh/kubernaut/pkg/aianalysis/rego/evaluator.go:111.16,118.3 1 1
github.com/jordigilh/kubernaut/pkg/aianalysis/rego/evaluator.go:121.2,126.16 2 1
github.com/jordigilh/kubernaut/pkg/aianalysis/rego/evaluator.go:126.16,133.3 1 1
github.com/jordigilh/kubernaut/pkg/aianalysis/rego/evaluator.go:136.2,164.16 3 1
github.com/jordigilh/kubernaut/pkg/aianalysis/rego/evaluator.go:164.16,171.3 1 0
github.com/jordigilh/kubernaut/pkg/aianalysis/rego/evaluator.go:174.2,174.59 1 1
github.com/jordigilh/kubernaut/pkg/aianalysis/rego/evaluator.go:174.59,181.3 1 0
github.com/jordigilh/kubernaut/pkg/aianalysis/rego/evaluator.go:184.2,185.9 2 1
github.com/jordigilh/kubernaut/pkg/aianalysis/rego/evaluator.go:185.9,192.3 1 0
github.com/jordigilh/kubernaut/pkg/aianalysis/rego/evaluator.go:195.2,199.20 3 1
github.com/jordigilh/kubernaut/pkg/aianalysis/rego/evaluator.go:199.20,201.3 1 0
github.com/jordigilh/kubernaut/pkg/aianalysis/rego/evaluator.go:202.2,202.18 1 1
github.com/jordigilh/kubernaut/pkg/aianalysis/rego/evaluator.go:202.18,203.23 1 0
github.com/jordigilh/kubernaut/pkg/aianalysis/rego/evaluator.go:203.23,205.4 1 0
github.com/jordigilh/kubernaut/pkg/aianalysis/rego/evaluator.go:205.9,207.4 1 0
github.com/jordigilh/kubernaut/pkg/aianalysis/rego/evaluator.go:210.2,214.8 1 1
