mode: atomic
github.com/jordigilh/kubernaut-apifrontend/internal/session/reinvoke.go:28.103,29.42 1 7
github.com/jordigilh/kubernaut-apifrontend/internal/session/reinvoke.go:29.42,31.3 1 2
github.com/jordigilh/kubernaut-apifrontend/internal/session/reinvoke.go:32.2,32.23 1 5
github.com/jordigilh/kubernaut-apifrontend/internal/session/reinvoke.go:32.23,34.3 1 1
github.com/jordigilh/kubernaut-apifrontend/internal/session/reinvoke.go:35.2,35.39 1 4
github.com/jordigilh/kubernaut-apifrontend/internal/session/reinvoke.go:35.39,37.3 1 1
github.com/jordigilh/kubernaut-apifrontend/internal/session/reinvoke.go:39.2,40.27 2 3
github.com/jordigilh/kubernaut-apifrontend/internal/session/reinvoke.go:45.40,47.2 1 1
github.com/jordigilh/kubernaut-apifrontend/internal/session/reinvoke.go:49.48,50.42 1 3
github.com/jordigilh/kubernaut-apifrontend/internal/session/reinvoke.go:50.42,52.3 1 0
github.com/jordigilh/kubernaut-apifrontend/internal/session/reinvoke.go:53.2,53.43 1 3
github.com/jordigilh/kubernaut-apifrontend/internal/session/reinvoke.go:53.43,54.46 1 3
github.com/jordigilh/kubernaut-apifrontend/internal/session/reinvoke.go:54.46,56.4 1 1
github.com/jordigilh/kubernaut-apifrontend/internal/session/reinvoke.go:58.2,58.14 1 2
github.com/jordigilh/kubernaut-apifrontend/internal/session/service.go:62.127,71.2 1 30
github.com/jordigilh/kubernaut-apifrontend/internal/session/service.go:76.124,78.22 2 26
github.com/jordigilh/kubernaut-apifrontend/internal/session/service.go:78.22,79.51 1 26
github.com/jordigilh/kubernaut-apifrontend/internal/session/service.go:79.51,81.11 2 26
github.com/jordigilh/kubernaut-apifrontend/internal/session/service.go:81.11,83.5 1 0
github.com/jordigilh/kubernaut-apifrontend/internal/session/service.go:87.2,88.19 2 26
github.com/jordigilh/kubernaut-apifrontend/internal/session/service.go:88.19,90.3 1 6
github.com/jordigilh/kubernaut-apifrontend/internal/session/service.go:92.2,108.16 3 26
github.com/jordigilh/kubernaut-apifrontend/internal/session/service.go:108.16,118.3 4 26
github.com/jordigilh/kubernaut-apifrontend/internal/session/service.go:120.2,120.50 1 26
github.com/jordigilh/kubernaut-apifrontend/internal/session/service.go:120.50,122.3 1 1
github.com/jordigilh/kubernaut-apifrontend/internal/session/service.go:124.2,124.59 1 25
github.com/jordigilh/kubernaut-apifrontend/internal/session/service.go:124.59,127.3 2 0
github.com/jordigilh/kubernaut-apifrontend/internal/session/service.go:129.2,130.16 2 25
github.com/jordigilh/kubernaut-apifrontend/internal/session/service.go:130.16,133.3 2 0
github.com/jordigilh/kubernaut-apifrontend/internal/session/service.go:135.2,144.18 5 25
github.com/jordigilh/kubernaut-apifrontend/internal/session/service.go:148.115,150.2 1 10
github.com/jordigilh/kubernaut-apifrontend/internal/session/service.go:153.118,155.2 1 3
github.com/jordigilh/kubernaut-apifrontend/internal/session/service.go:160.94,165.13 4 3
github.com/jordigilh/kubernaut-apifrontend/internal/session/service.go:165.13,167.3 1 2
github.com/jordigilh/kubernaut-apifrontend/internal/session/service.go:170.2,182.36 6 3
github.com/jordigilh/kubernaut-apifrontend/internal/session/service.go:188.118,191.65 2 12
github.com/jordigilh/kubernaut-apifrontend/internal/session/service.go:191.65,193.3 1 0
github.com/jordigilh/kubernaut-apifrontend/internal/session/service.go:196.2,200.8 4 12
github.com/jordigilh/kubernaut-apifrontend/internal/session/service.go:200.8,202.110 2 12
github.com/jordigilh/kubernaut-apifrontend/internal/session/service.go:202.110,204.4 1 12
github.com/jordigilh/kubernaut-apifrontend/internal/session/service.go:207.2,207.12 1 12
github.com/jordigilh/kubernaut-apifrontend/internal/session/service.go:212.115,217.9 4 0
github.com/jordigilh/kubernaut-apifrontend/internal/session/service.go:217.9,219.3 1 0
github.com/jordigilh/kubernaut-apifrontend/internal/session/service.go:221.2,222.109 2 0
github.com/jordigilh/kubernaut-apifrontend/internal/session/service.go:222.109,224.3 1 0
github.com/jordigilh/kubernaut-apifrontend/internal/session/service.go:225.2,225.30 1 0
github.com/jordigilh/kubernaut-apifrontend/internal/session/service.go:234.42,236.17 2 52
github.com/jordigilh/kubernaut-apifrontend/internal/session/service.go:236.17,238.3 1 0
github.com/jordigilh/kubernaut-apifrontend/internal/session/service.go:239.2,239.10 1 52
github.com/jordigilh/kubernaut-apifrontend/internal/session/statemachine.go:41.63,43.9 2 13
github.com/jordigilh/kubernaut-apifrontend/internal/session/statemachine.go:43.9,45.3 1 3
github.com/jordigilh/kubernaut-apifrontend/internal/session/statemachine.go:46.2,46.28 1 10
github.com/jordigilh/kubernaut-apifrontend/internal/session/statemachine.go:46.28,47.14 1 20
github.com/jordigilh/kubernaut-apifrontend/internal/session/statemachine.go:47.14,49.4 1 10
github.com/jordigilh/kubernaut-apifrontend/internal/session/statemachine.go:51.2,51.60 1 0
github.com/jordigilh/kubernaut-apifrontend/internal/session/statemachine.go:55.51,57.2 1 4
github.com/jordigilh/kubernaut-apifrontend/internal/session/statemachine.go:61.128,65.9 4 4
github.com/jordigilh/kubernaut-apifrontend/internal/session/statemachine.go:65.9,67.3 1 0
github.com/jordigilh/kubernaut-apifrontend/internal/session/statemachine.go:69.2,71.52 3 4
github.com/jordigilh/kubernaut-apifrontend/internal/session/statemachine.go:71.52,73.3 1 0
github.com/jordigilh/kubernaut-apifrontend/internal/session/statemachine.go:75.2,76.53 2 4
github.com/jordigilh/kubernaut-apifrontend/internal/session/statemachine.go:76.53,78.3 1 0
github.com/jordigilh/kubernaut-apifrontend/internal/session/statemachine.go:80.2,86.9 5 4
github.com/jordigilh/kubernaut-apifrontend/internal/session/statemachine.go:87.22,88.32 1 2
github.com/jordigilh/kubernaut-apifrontend/internal/session/statemachine.go:89.47,91.68 2 1
github.com/jordigilh/kubernaut-apifrontend/internal/session/statemachine.go:92.86,94.65 2 1
github.com/jordigilh/kubernaut-apifrontend/internal/session/statemachine.go:97.2,97.60 1 4
github.com/jordigilh/kubernaut-apifrontend/internal/session/statemachine.go:97.60,99.3 1 0
github.com/jordigilh/kubernaut-apifrontend/internal/session/statemachine.go:102.2,102.52 1 4
github.com/jordigilh/kubernaut-apifrontend/internal/session/statemachine.go:102.52,104.3 1 0
github.com/jordigilh/kubernaut-apifrontend/internal/session/statemachine.go:105.2,106.51 2 4
github.com/jordigilh/kubernaut-apifrontend/internal/session/statemachine.go:106.51,108.3 1 0
github.com/jordigilh/kubernaut-apifrontend/internal/session/statemachine.go:110.2,115.12 2 4
github.com/jordigilh/kubernaut-apifrontend/internal/session/statemachine.go:120.105,127.2 1 3
github.com/jordigilh/kubernaut-apifrontend/internal/session/trimming.go:23.58,24.42 1 12
github.com/jordigilh/kubernaut-apifrontend/internal/session/trimming.go:24.42,26.3 1 0
github.com/jordigilh/kubernaut-apifrontend/internal/session/trimming.go:27.2,27.43 1 12
github.com/jordigilh/kubernaut-apifrontend/internal/session/trimming.go:27.43,28.50 1 12
github.com/jordigilh/kubernaut-apifrontend/internal/session/trimming.go:28.50,29.12 1 11
github.com/jordigilh/kubernaut-apifrontend/internal/session/trimming.go:31.3,32.25 2 1
github.com/jordigilh/kubernaut-apifrontend/internal/session/trimming.go:32.25,33.12 1 0
github.com/jordigilh/kubernaut-apifrontend/internal/session/trimming.go:36.3,37.51 2 1
github.com/jordigilh/kubernaut-apifrontend/internal/session/trimming.go:37.51,38.12 1 0
github.com/jordigilh/kubernaut-apifrontend/internal/session/trimming.go:41.3,42.39 2 1
github.com/jordigilh/kubernaut-apifrontend/internal/session/trimming.go:42.39,44.4 1 1
github.com/jordigilh/kubernaut-apifrontend/internal/session/trimming.go:46.3,50.4 1 1
github.com/jordigilh/kubernaut-apifrontend/internal/streaming/sse.go:30.71,31.19 1 4
github.com/jordigilh/kubernaut-apifrontend/internal/streaming/sse.go:31.19,33.3 1 1
github.com/jordigilh/kubernaut-apifrontend/internal/streaming/sse.go:35.2,37.28 2 3
github.com/jordigilh/kubernaut-apifrontend/internal/streaming/sse.go:37.28,39.3 1 1
github.com/jordigilh/kubernaut-apifrontend/internal/streaming/sse.go:41.2,43.16 3 3
github.com/jordigilh/kubernaut-apifrontend/internal/streaming/sse.go:43.16,45.3 1 0
github.com/jordigilh/kubernaut-apifrontend/internal/streaming/sse.go:47.2,52.34 5 3
github.com/jordigilh/kubernaut-apifrontend/internal/streaming/sse.go:58.57,59.26 1 8
github.com/jordigilh/kubernaut-apifrontend/internal/streaming/sse.go:59.26,60.44 1 8
github.com/jordigilh/kubernaut-apifrontend/internal/streaming/sse.go:60.44,61.47 1 8
github.com/jordigilh/kubernaut-apifrontend/internal/streaming/sse.go:61.47,63.5 1 2
github.com/jordigilh/kubernaut-apifrontend/internal/streaming/sse.go:67.2,69.18 3 6
github.com/jordigilh/kubernaut-apifrontend/internal/streaming/sse.go:69.18,71.3 1 0
github.com/jordigilh/kubernaut-apifrontend/internal/streaming/sse.go:72.2,72.15 1 6
github.com/jordigilh/kubernaut-apifrontend/internal/streaming/sse.go:77.30,79.2 1 1
github.com/jordigilh/kubernaut-apifrontend/internal/streaming/sse.go:81.52,82.37 1 3
github.com/jordigilh/kubernaut-apifrontend/internal/streaming/sse.go:82.37,84.3 1 0
github.com/jordigilh/kubernaut-apifrontend/internal/streaming/sse.go:85.2,86.9 2 3
github.com/jordigilh/kubernaut-apifrontend/internal/streaming/sse.go:86.9,88.3 1 2
github.com/jordigilh/kubernaut-apifrontend/internal/streaming/sse.go:89.2,90.16 2 1
github.com/jordigilh/kubernaut-apifrontend/internal/streaming/sse.go:93.84,100.26 2 3
github.com/jordigilh/kubernaut-apifrontend/internal/streaming/sse.go:100.26,102.3 1 0
github.com/jordigilh/kubernaut-apifrontend/internal/streaming/sse.go:104.2,104.43 1 3
github.com/jordigilh/kubernaut-apifrontend/internal/streaming/sse.go:104.43,105.18 1 3
github.com/jordigilh/kubernaut-apifrontend/internal/streaming/sse.go:105.18,106.12 1 0
github.com/jordigilh/kubernaut-apifrontend/internal/streaming/sse.go:108.3,108.22 1 3
github.com/jordigilh/kubernaut-apifrontend/internal/streaming/sse.go:108.22,110.4 1 3
github.com/jordigilh/kubernaut-apifrontend/internal/streaming/sse.go:111.3,111.31 1 3
github.com/jordigilh/kubernaut-apifrontend/internal/streaming/sse.go:111.31,114.4 2 0
github.com/jordigilh/kubernaut-apifrontend/internal/streaming/sse.go:117.2,117.10 1 3
github.com/jordigilh/kubernaut-apifrontend/internal/controller/ttl.go:33.120,40.2 1 9
github.com/jordigilh/kubernaut-apifrontend/internal/controller/ttl.go:43.106,45.69 2 9
github.com/jordigilh/kubernaut-apifrontend/internal/controller/ttl.go:45.69,46.32 1 1
github.com/jordigilh/kubernaut-apifrontend/internal/controller/ttl.go:46.32,48.4 1 1
github.com/jordigilh/kubernaut-apifrontend/internal/controller/ttl.go:49.3,49.59 1 0
github.com/jordigilh/kubernaut-apifrontend/internal/controller/ttl.go:52.2,52.27 1 8
github.com/jordigilh/kubernaut-apifrontend/internal/controller/ttl.go:53.35,54.28 1 1
github.com/jordigilh/kubernaut-apifrontend/internal/controller/ttl.go:56.41,57.42 1 3
github.com/jordigilh/kubernaut-apifrontend/internal/controller/ttl.go:59.99,60.38 1 4
github.com/jordigilh/kubernaut-apifrontend/internal/controller/ttl.go:62.10,63.28 1 0
github.com/jordigilh/kubernaut-apifrontend/internal/controller/ttl.go:67.134,68.39 1 3
github.com/jordigilh/kubernaut-apifrontend/internal/controller/ttl.go:68.39,70.3 1 0
github.com/jordigilh/kubernaut-apifrontend/internal/controller/ttl.go:72.2,73.31 2 3
github.com/jordigilh/kubernaut-apifrontend/internal/controller/ttl.go:73.31,76.3 2 1
github.com/jordigilh/kubernaut-apifrontend/internal/controller/ttl.go:78.2,84.60 6 2
github.com/jordigilh/kubernaut-apifrontend/internal/controller/ttl.go:84.60,86.3 1 0
github.com/jordigilh/kubernaut-apifrontend/internal/controller/ttl.go:87.2,87.51 1 2
github.com/jordigilh/kubernaut-apifrontend/internal/controller/ttl.go:87.51,89.3 1 0
github.com/jordigilh/kubernaut-apifrontend/internal/controller/ttl.go:91.2,95.27 2 2
github.com/jordigilh/kubernaut-apifrontend/internal/controller/ttl.go:98.130,99.36 1 4
github.com/jordigilh/kubernaut-apifrontend/internal/controller/ttl.go:99.36,101.3 1 0
github.com/jordigilh/kubernaut-apifrontend/internal/controller/ttl.go:103.2,104.30 2 4
github.com/jordigilh/kubernaut-apifrontend/internal/controller/ttl.go:104.30,107.3 2 1
github.com/jordigilh/kubernaut-apifrontend/internal/controller/ttl.go:109.2,109.51 1 3
github.com/jordigilh/kubernaut-apifrontend/internal/controller/ttl.go:109.51,110.32 1 0
github.com/jordigilh/kubernaut-apifrontend/internal/controller/ttl.go:110.32,112.4 1 0
github.com/jordigilh/kubernaut-apifrontend/internal/controller/ttl.go:113.3,113.70 1 0
github.com/jordigilh/kubernaut-apifrontend/internal/controller/ttl.go:116.2,121.27 2 3
